;  LST file generated by mikroListExporter - v.2.0 
; Date/Time: 09/11/2015 11:00:21 a.m.
;----------------------------------------------

;Address Opcode 	ASM
0x0000	0x2C15      	GOTO       1045
_interrupt:
0x0004	0x00FF      	MOVWF      R15
0x0005	0x0E03      	SWAPF      STATUS, 0
0x0006	0x0183      	CLRF       STATUS
0x0007	0x00C9      	MOVWF      ___saveSTATUS
0x0008	0x080A      	MOVF       PCLATH, 0
0x0009	0x00CC      	MOVWF      ___savePCLATH
0x000A	0x018A      	CLRF       PCLATH
0x000B	0x0870      	MOVF       R0, 0
0x000C	0x00A2      	MOVWF      34
0x000D	0x0871      	MOVF       R1, 0
0x000E	0x00A1      	MOVWF      33
0x000F	0x087D      	MOVF       R13, 0
0x0010	0x00A0      	MOVWF      32
0x0011	0x0804      	MOVF       FSR, 0
0x0012	0x00A3      	MOVWF      35
;esclavo.mbas,149 :: 		sub procedure interrupt()
;esclavo.mbas,150 :: 		GIE_bit = 0
0x0013	0x138B      	BCF        GIE_bit, 7
;esclavo.mbas,151 :: 		if uart1_data_ready=1 then
0x0014	0x2373      	CALL       _UART1_Data_Ready
0x0015	0x0870      	MOVF       R0, 0
0x0016	0x3A01      	XORLW      1
0x0017	0x1D03      	BTFSS      STATUS, 2
0x0018	0x291A      	GOTO       L__interrupt156
;esclavo.mbas,152 :: 		Recivido=uart1_read
0x0019	0x2366      	CALL       _UART1_Read
0x001A	0x0870      	MOVF       R0, 0
0x001B	0x00BB      	MOVWF      _Recivido
;esclavo.mbas,153 :: 		llamada[0]=llamada[1]
0x001C	0x083F      	MOVF       _Llamada+1, 0
0x001D	0x00BE      	MOVWF      _Llamada
;esclavo.mbas,154 :: 		llamada[1]=llamada[2]
0x001E	0x0840      	MOVF       _Llamada+2, 0
0x001F	0x00BF      	MOVWF      _Llamada+1
;esclavo.mbas,155 :: 		llamada[2]=llamada[3]
0x0020	0x0841      	MOVF       _Llamada+3, 0
0x0021	0x00C0      	MOVWF      _Llamada+2
;esclavo.mbas,156 :: 		llamada[3]=recivido
0x0022	0x0870      	MOVF       R0, 0
0x0023	0x00C1      	MOVWF      _Llamada+3
;esclavo.mbas,157 :: 		if Llamada[1]=esclavo then
0x0024	0x083F      	MOVF       _Llamada+1, 0
0x0025	0x0626      	XORWF      _Esclavo, 0
0x0026	0x1D03      	BTFSS      STATUS, 2
0x0027	0x291A      	GOTO       L__interrupt159
;esclavo.mbas,158 :: 		mensaje[0]=llamada[0]
0x0028	0x083E      	MOVF       _Llamada, 0
0x0029	0x1683      	BSF        STATUS, 5
0x002A	0x00A0      	MOVWF      _Mensaje
;esclavo.mbas,159 :: 		Mensaje[1]=llamada[1]
0x002B	0x1283      	BCF        STATUS, 5
0x002C	0x083F      	MOVF       _Llamada+1, 0
0x002D	0x1683      	BSF        STATUS, 5
0x002E	0x00A1      	MOVWF      _Mensaje+1
;esclavo.mbas,160 :: 		Longitud=2
0x002F	0x3002      	MOVLW      2
0x0030	0x1283      	BCF        STATUS, 5
0x0031	0x00AA      	MOVWF      _Longitud
;esclavo.mbas,161 :: 		CalcularCRC
0x0032	0x238E      	CALL       _CalcularCRC
;esclavo.mbas,162 :: 		CRC_ok=false
0x0033	0x01C6      	CLRF       _CRC_ok
;esclavo.mbas,163 :: 		if Llamada[3]=crc_h then
0x0034	0x0841      	MOVF       _Llamada+3, 0
0x0035	0x063D      	XORWF      _CRC_H, 0
0x0036	0x1D03      	BTFSS      STATUS, 2
0x0037	0x291A      	GOTO       L__interrupt162
;esclavo.mbas,164 :: 		if Llamada[2]=crc_l then
0x0038	0x0840      	MOVF       _Llamada+2, 0
0x0039	0x063C      	XORWF      _CRC_L, 0
0x003A	0x1D03      	BTFSS      STATUS, 2
0x003B	0x291A      	GOTO       L__interrupt165
;esclavo.mbas,165 :: 		if Llamada[0]=15 then
0x003C	0x083E      	MOVF       _Llamada, 0
0x003D	0x3A0F      	XORLW      15
0x003E	0x1D03      	BTFSS      STATUS, 2
0x003F	0x2842      	GOTO       L__interrupt168
;esclavo.mbas,166 :: 		portc.0=0                ' encender led rojo
0x0040	0x1007      	BCF        PORTC, 0
;esclavo.mbas,167 :: 		portc.1=1                ' apagar led verde
0x0041	0x1487      	BSF        PORTC, 1
L__interrupt168:
;esclavo.mbas,169 :: 		if Llamada[0]=6 then
0x0042	0x083E      	MOVF       _Llamada, 0
0x0043	0x3A06      	XORLW      6
0x0044	0x1D03      	BTFSS      STATUS, 2
0x0045	0x284D      	GOTO       L__interrupt171
;esclavo.mbas,170 :: 		portc.0=1                ' apagar el led rojo
0x0046	0x1407      	BSF        PORTC, 0
;esclavo.mbas,171 :: 		portc.1=0                ' encender led verde
0x0047	0x1087      	BCF        PORTC, 1
;esclavo.mbas,172 :: 		if InicioLCD then
0x0048	0x082D      	MOVF       _InicioLCD, 0
0x0049	0x1903      	BTFSC      STATUS, 2
0x004A	0x284C      	GOTO       L__interrupt174
;esclavo.mbas,173 :: 		LimpiaPerro=0
0x004B	0x01A4      	CLRF       _LimpiaPerro
L__interrupt174:
;esclavo.mbas,175 :: 		porta.4=1
0x004C	0x1605      	BSF        PORTA, 4
L__interrupt171:
;esclavo.mbas,177 :: 		if Llamada[0]=5 then
0x004D	0x083E      	MOVF       _Llamada, 0
0x004E	0x3A05      	XORLW      5
0x004F	0x1D03      	BTFSS      STATUS, 2
0x0050	0x291A      	GOTO       L__interrupt177
;esclavo.mbas,178 :: 		clrwdt
0x0051	0x0064      	CLRWDT
;esclavo.mbas,179 :: 		CRC_ok=true
0x0052	0x30FF      	MOVLW      255
0x0053	0x00C6      	MOVWF      _CRC_ok
;esclavo.mbas,180 :: 		porta.5=0                ' encender led ambar
0x0054	0x1285      	BCF        PORTA, 5
;esclavo.mbas,181 :: 		portc.0=1                ' apagar el led rojo
0x0055	0x1407      	BSF        PORTC, 0
;esclavo.mbas,182 :: 		portc.1=1                ' apagar led verde
0x0056	0x1487      	BSF        PORTC, 1
;esclavo.mbas,183 :: 		Suma=0
0x0057	0x01C4      	CLRF       _Suma
0x0058	0x01C5      	CLRF       _Suma+1
;esclavo.mbas,184 :: 		for Iter=1 to lect_prom
0x0059	0x3001      	MOVLW      1
0x005A	0x00AB      	MOVWF      _Iter
L__interrupt179:
0x005B	0x082B      	MOVF       _Iter, 0
0x005C	0x0225      	SUBWF      _Lect_prom, 0
0x005D	0x1C03      	BTFSS      STATUS, 0
0x005E	0x2872      	GOTO       L__interrupt183
;esclavo.mbas,185 :: 		adc_init
0x005F	0x237C      	CALL       _ADC_Init
;esclavo.mbas,186 :: 		Temp = adc_read(0)
0x0060	0x01D1      	CLRF       FARG_ADC_Read_channel
0x0061	0x23CC      	CALL       _ADC_Read
0x0062	0x0870      	MOVF       R0, 0
0x0063	0x00C2      	MOVWF      _Temp
0x0064	0x0871      	MOVF       R0+1, 0
0x0065	0x00C3      	MOVWF      _Temp+1
;esclavo.mbas,187 :: 		Suma=suma+temp
0x0066	0x0870      	MOVF       R0, 0
0x0067	0x07C4      	ADDWF      _Suma, 1
0x0068	0x0871      	MOVF       R0+1, 0
0x0069	0x1803      	BTFSC      STATUS, 0
0x006A	0x3E01      	ADDLW      1
0x006B	0x07C5      	ADDWF      _Suma+1, 1
;esclavo.mbas,188 :: 		next Iter
0x006C	0x082B      	MOVF       _Iter, 0
0x006D	0x0625      	XORWF      _Lect_prom, 0
0x006E	0x1903      	BTFSC      STATUS, 2
0x006F	0x2872      	GOTO       L__interrupt183
0x0070	0x0AAB      	INCF       _Iter, 1
0x0071	0x285B      	GOTO       L__interrupt179
L__interrupt183:
;esclavo.mbas,189 :: 		Temp=suma/lect_prom
0x0072	0x0825      	MOVF       _Lect_prom, 0
0x0073	0x00F4      	MOVWF      R4
0x0074	0x01F5      	CLRF       R4+1
0x0075	0x0844      	MOVF       _Suma, 0
0x0076	0x00F0      	MOVWF      R0
0x0077	0x0845      	MOVF       _Suma+1, 0
0x0078	0x00F1      	MOVWF      R0+1
0x0079	0x23F8      	CALL       _Div_16x16_U
0x007A	0x0870      	MOVF       R0, 0
0x007B	0x00C2      	MOVWF      _Temp
0x007C	0x0871      	MOVF       R0+1, 0
0x007D	0x00C3      	MOVWF      _Temp+1
;esclavo.mbas,190 :: 		Temp1_H=hi(temp)
0x007E	0x0843      	MOVF       _Temp+1, 0
0x007F	0x00B4      	MOVWF      _Temp1_H
;esclavo.mbas,191 :: 		Temp1_L=lo(temp)
0x0080	0x0842      	MOVF       _Temp, 0
0x0081	0x00B3      	MOVWF      _Temp1_L
;esclavo.mbas,192 :: 		Suma=0
0x0082	0x01C4      	CLRF       _Suma
0x0083	0x01C5      	CLRF       _Suma+1
;esclavo.mbas,193 :: 		for Iter=1 to Lect_prom
0x0084	0x3001      	MOVLW      1
0x0085	0x00AB      	MOVWF      _Iter
L__interrupt184:
0x0086	0x082B      	MOVF       _Iter, 0
0x0087	0x0225      	SUBWF      _Lect_prom, 0
0x0088	0x1C03      	BTFSS      STATUS, 0
0x0089	0x289E      	GOTO       L__interrupt188
;esclavo.mbas,194 :: 		adc_init
0x008A	0x237C      	CALL       _ADC_Init
;esclavo.mbas,195 :: 		Temp=adc_read(1)
0x008B	0x3001      	MOVLW      1
0x008C	0x00D1      	MOVWF      FARG_ADC_Read_channel
0x008D	0x23CC      	CALL       _ADC_Read
0x008E	0x0870      	MOVF       R0, 0
0x008F	0x00C2      	MOVWF      _Temp
0x0090	0x0871      	MOVF       R0+1, 0
0x0091	0x00C3      	MOVWF      _Temp+1
;esclavo.mbas,196 :: 		Suma=suma+temp
0x0092	0x0870      	MOVF       R0, 0
0x0093	0x07C4      	ADDWF      _Suma, 1
0x0094	0x0871      	MOVF       R0+1, 0
0x0095	0x1803      	BTFSC      STATUS, 0
0x0096	0x3E01      	ADDLW      1
0x0097	0x07C5      	ADDWF      _Suma+1, 1
;esclavo.mbas,197 :: 		next Iter
0x0098	0x082B      	MOVF       _Iter, 0
0x0099	0x0625      	XORWF      _Lect_prom, 0
0x009A	0x1903      	BTFSC      STATUS, 2
0x009B	0x289E      	GOTO       L__interrupt188
0x009C	0x0AAB      	INCF       _Iter, 1
0x009D	0x2886      	GOTO       L__interrupt184
L__interrupt188:
;esclavo.mbas,198 :: 		Temp=suma/lect_prom
0x009E	0x0825      	MOVF       _Lect_prom, 0
0x009F	0x00F4      	MOVWF      R4
0x00A0	0x01F5      	CLRF       R4+1
0x00A1	0x0844      	MOVF       _Suma, 0
0x00A2	0x00F0      	MOVWF      R0
0x00A3	0x0845      	MOVF       _Suma+1, 0
0x00A4	0x00F1      	MOVWF      R0+1
0x00A5	0x23F8      	CALL       _Div_16x16_U
0x00A6	0x0870      	MOVF       R0, 0
0x00A7	0x00C2      	MOVWF      _Temp
0x00A8	0x0871      	MOVF       R0+1, 0
0x00A9	0x00C3      	MOVWF      _Temp+1
;esclavo.mbas,199 :: 		Temp2_H=hi(temp)
0x00AA	0x0843      	MOVF       _Temp+1, 0
0x00AB	0x00B2      	MOVWF      _Temp2_H
;esclavo.mbas,200 :: 		Temp2_L=lo(temp)
0x00AC	0x0842      	MOVF       _Temp, 0
0x00AD	0x00B5      	MOVWF      _Temp2_L
;esclavo.mbas,201 :: 		if portc.2=0 then
0x00AE	0x1907      	BTFSC      PORTC, 2
0x00AF	0x28B3      	GOTO       L__interrupt190
;esclavo.mbas,202 :: 		Entrada1=1
0x00B0	0x3001      	MOVLW      1
0x00B1	0x00BA      	MOVWF      _Entrada1
0x00B2	0x28B4      	GOTO       L__interrupt191
;esclavo.mbas,203 :: 		else
L__interrupt190:
;esclavo.mbas,204 :: 		Entrada1=0
0x00B3	0x01BA      	CLRF       _Entrada1
;esclavo.mbas,205 :: 		end if
L__interrupt191:
;esclavo.mbas,206 :: 		if portc.3=0 then
0x00B4	0x1987      	BTFSC      PORTC, 3
0x00B5	0x28B9      	GOTO       L__interrupt193
;esclavo.mbas,207 :: 		Entrada2=1
0x00B6	0x3001      	MOVLW      1
0x00B7	0x00B9      	MOVWF      _Entrada2
0x00B8	0x28BA      	GOTO       L__interrupt194
;esclavo.mbas,208 :: 		else
L__interrupt193:
;esclavo.mbas,209 :: 		Entrada2=0
0x00B9	0x01B9      	CLRF       _Entrada2
;esclavo.mbas,210 :: 		end if
L__interrupt194:
;esclavo.mbas,211 :: 		longitud=94
0x00BA	0x305E      	MOVLW      94
0x00BB	0x00AA      	MOVWF      _Longitud
;esclavo.mbas,212 :: 		Mensaje[0]=0
0x00BC	0x1683      	BSF        STATUS, 5
0x00BD	0x01A0      	CLRF       _Mensaje
;esclavo.mbas,213 :: 		mensaje[1]=esclavo
0x00BE	0x1283      	BCF        STATUS, 5
0x00BF	0x0826      	MOVF       _Esclavo, 0
0x00C0	0x1683      	BSF        STATUS, 5
0x00C1	0x00A1      	MOVWF      _Mensaje+1
;esclavo.mbas,214 :: 		Mensaje[2]=temp1_h
0x00C2	0x1283      	BCF        STATUS, 5
0x00C3	0x0834      	MOVF       _Temp1_H, 0
0x00C4	0x1683      	BSF        STATUS, 5
0x00C5	0x00A2      	MOVWF      _Mensaje+2
;esclavo.mbas,215 :: 		Mensaje[3]=temp1_l
0x00C6	0x1283      	BCF        STATUS, 5
0x00C7	0x0833      	MOVF       _Temp1_L, 0
0x00C8	0x1683      	BSF        STATUS, 5
0x00C9	0x00A3      	MOVWF      _Mensaje+3
;esclavo.mbas,216 :: 		Mensaje[4]=temp2_h
0x00CA	0x1283      	BCF        STATUS, 5
0x00CB	0x0832      	MOVF       _Temp2_H, 0
0x00CC	0x1683      	BSF        STATUS, 5
0x00CD	0x00A4      	MOVWF      _Mensaje+4
;esclavo.mbas,217 :: 		Mensaje[5]=temp2_l
0x00CE	0x1283      	BCF        STATUS, 5
0x00CF	0x0835      	MOVF       _Temp2_L, 0
0x00D0	0x1683      	BSF        STATUS, 5
0x00D1	0x00A5      	MOVWF      _Mensaje+5
;esclavo.mbas,218 :: 		Mensaje[6]=entrada1
0x00D2	0x1283      	BCF        STATUS, 5
0x00D3	0x083A      	MOVF       _Entrada1, 0
0x00D4	0x1683      	BSF        STATUS, 5
0x00D5	0x00A6      	MOVWF      _Mensaje+6
;esclavo.mbas,219 :: 		Mensaje[7]=entrada2
0x00D6	0x1283      	BCF        STATUS, 5
0x00D7	0x0839      	MOVF       _Entrada2, 0
0x00D8	0x1683      	BSF        STATUS, 5
0x00D9	0x00A7      	MOVWF      _Mensaje+7
;esclavo.mbas,220 :: 		Mensaje[92]=version_h
0x00DA	0x1283      	BCF        STATUS, 5
0x00DB	0x0830      	MOVF       _Version_H, 0
0x00DC	0x1683      	BSF        STATUS, 5
0x00DD	0x00FC      	MOVWF      _Mensaje+92
;esclavo.mbas,221 :: 		Mensaje[93]=version_l
0x00DE	0x1283      	BCF        STATUS, 5
0x00DF	0x082F      	MOVF       _Version_L, 0
0x00E0	0x1683      	BSF        STATUS, 5
0x00E1	0x00FD      	MOVWF      _Mensaje+93
;esclavo.mbas,222 :: 		calcularcrc
0x00E2	0x238E      	CALL       _CalcularCRC
;esclavo.mbas,223 :: 		portc.4=1
0x00E3	0x1607      	BSF        PORTC, 4
;esclavo.mbas,224 :: 		portc.5=1
0x00E4	0x1687      	BSF        PORTC, 5
;esclavo.mbas,225 :: 		for Iter=0 to longitud   -1
0x00E5	0x01AB      	CLRF       _Iter
L__interrupt195:
0x00E6	0x032A      	DECF       _Longitud, 0
0x00E7	0x00D0      	MOVWF      FLOC__interrupt
0x00E8	0x082B      	MOVF       _Iter, 0
0x00E9	0x0250      	SUBWF      FLOC__interrupt, 0
0x00EA	0x1C03      	BTFSS      STATUS, 0
0x00EB	0x28F8      	GOTO       L__interrupt199
;esclavo.mbas,226 :: 		uart1_write(mensaje[iter])
0x00EC	0x082B      	MOVF       _Iter, 0
0x00ED	0x3EA0      	ADDLW      _Mensaje
0x00EE	0x0084      	MOVWF      FSR
0x00EF	0x0800      	MOVF       INDF, 0
0x00F0	0x00D1      	MOVWF      FARG_UART1_Write_data_
0x00F1	0x23C2      	CALL       _UART1_Write
;esclavo.mbas,227 :: 		next iter
0x00F2	0x082B      	MOVF       _Iter, 0
0x00F3	0x0650      	XORWF      FLOC__interrupt, 0
0x00F4	0x1903      	BTFSC      STATUS, 2
0x00F5	0x28F8      	GOTO       L__interrupt199
0x00F6	0x0AAB      	INCF       _Iter, 1
0x00F7	0x28E6      	GOTO       L__interrupt195
L__interrupt199:
;esclavo.mbas,228 :: 		uart1_write(crc_l)
0x00F8	0x083C      	MOVF       _CRC_L, 0
0x00F9	0x00D1      	MOVWF      FARG_UART1_Write_data_
0x00FA	0x23C2      	CALL       _UART1_Write
;esclavo.mbas,229 :: 		uart1_write(crc_h)
0x00FB	0x083D      	MOVF       _CRC_H, 0
0x00FC	0x00D1      	MOVWF      FARG_UART1_Write_data_
0x00FD	0x23C2      	CALL       _UART1_Write
;esclavo.mbas,230 :: 		delay_ms(3)
0x00FE	0x3004      	MOVLW      4
0x00FF	0x00FC      	MOVWF      R12
0x0100	0x30E4      	MOVLW      228
0x0101	0x00FD      	MOVWF      R13
L__interrupt200:
0x0102	0x0BFD      	DECFSZ     R13, 1
0x0103	0x2902      	GOTO       L__interrupt200
0x0104	0x0BFC      	DECFSZ     R12, 1
0x0105	0x2902      	GOTO       L__interrupt200
0x0106	0x0000      	NOP
;esclavo.mbas,231 :: 		if InicioLCD=false then
0x0107	0x082D      	MOVF       _InicioLCD, 0
0x0108	0x3A00      	XORLW      0
0x0109	0x1D03      	BTFSS      STATUS, 2
0x010A	0x2917      	GOTO       L__interrupt202
;esclavo.mbas,232 :: 		for Iter=0 to 95
0x010B	0x01AB      	CLRF       _Iter
L__interrupt205:
;esclavo.mbas,233 :: 		Mensaje[iter]=32
0x010C	0x082B      	MOVF       _Iter, 0
0x010D	0x3EA0      	ADDLW      _Mensaje
0x010E	0x0084      	MOVWF      FSR
0x010F	0x3020      	MOVLW      32
0x0110	0x0080      	MOVWF      INDF
;esclavo.mbas,234 :: 		next Iter
0x0111	0x082B      	MOVF       _Iter, 0
0x0112	0x3A5F      	XORLW      95
0x0113	0x1903      	BTFSC      STATUS, 2
0x0114	0x2917      	GOTO       L__interrupt208
0x0115	0x0AAB      	INCF       _Iter, 1
0x0116	0x290C      	GOTO       L__interrupt205
L__interrupt208:
L__interrupt202:
;esclavo.mbas,236 :: 		portc.4=0
0x0117	0x1207      	BCF        PORTC, 4
;esclavo.mbas,237 :: 		portc.5=0
0x0118	0x1287      	BCF        PORTC, 5
;esclavo.mbas,238 :: 		porta.5=1                     ' apagar led ambar
0x0119	0x1685      	BSF        PORTA, 5
L__interrupt177:
;esclavo.mbas,239 :: 		end if
L__interrupt165:
;esclavo.mbas,240 :: 		end if
L__interrupt162:
;esclavo.mbas,241 :: 		end if
L__interrupt159:
;esclavo.mbas,243 :: 		end if
L__interrupt156:
;esclavo.mbas,245 :: 		GIE_bit = 1                   ' enable all interrupts
0x011A	0x178B      	BSF        GIE_bit, 7
;esclavo.mbas,246 :: 		end sub
L__interrupt221:
0x011B	0x0822      	MOVF       34, 0
0x011C	0x00F0      	MOVWF      R0
0x011D	0x0821      	MOVF       33, 0
0x011E	0x00F1      	MOVWF      R1
0x011F	0x0820      	MOVF       32, 0
0x0120	0x00FD      	MOVWF      R13
0x0121	0x0823      	MOVF       35, 0
0x0122	0x0084      	MOVWF      FSR
0x0123	0x084C      	MOVF       ___savePCLATH, 0
0x0124	0x008A      	MOVWF      PCLATH
0x0125	0x0E49      	SWAPF      ___saveSTATUS, 0
0x0126	0x0083      	MOVWF      STATUS
0x0127	0x0EFF      	SWAPF      R15, 1
0x0128	0x0E7F      	SWAPF      R15, 0
0x0129	0x0009      	RETFIE
; end of _interrupt
_Delay_22us:
;__Lib_Delays.mbas,37 :: 		sub procedure Delay_22us()
;__Lib_Delays.mbas,38 :: 		Delay_us(22)
0x012A	0x3007      	MOVLW      7
0x012B	0x1283      	BCF        STATUS, 5
0x012C	0x1303      	BCF        STATUS, 6
0x012D	0x00FD      	MOVWF      R13
L__Delay_22us5:
0x012E	0x0BFD      	DECFSZ     R13, 1
0x012F	0x292E      	GOTO       L__Delay_22us5
;__Lib_Delays.mbas,39 :: 		end sub
0x0130	0x0008      	RETURN
; end of _Delay_22us
_Inicio_LCD:
;esclavo.mbas,82 :: 		sub procedure Inicio_LCD
;esclavo.mbas,83 :: 		timeout4=0
0x0131	0x1283      	BCF        STATUS, 5
0x0132	0x1303      	BCF        STATUS, 6
0x0133	0x01C8      	CLRF       _TimeOut4
;esclavo.mbas,84 :: 		TimeOut3=0
0x0134	0x01C7      	CLRF       _TimeOut3
;esclavo.mbas,85 :: 		InicioLCD=false
0x0135	0x01AD      	CLRF       _InicioLCD
;esclavo.mbas,86 :: 		do
L__Inicio_LCD35:
;esclavo.mbas,87 :: 		Ant_Caracter=caracter
0x0136	0x084B      	MOVF       _Caracter, 0
0x0137	0x00CA      	MOVWF      _Ant_Caracter
;esclavo.mbas,88 :: 		delay_us(300)
0x0138	0x3063      	MOVLW      99
0x0139	0x00FD      	MOVWF      R13
L__Inicio_LCD40:
0x013A	0x0BFD      	DECFSZ     R13, 1
0x013B	0x293A      	GOTO       L__Inicio_LCD40
0x013C	0x0000      	NOP
0x013D	0x0000      	NOP
;esclavo.mbas,89 :: 		Caracter=portb
0x013E	0x0806      	MOVF       PORTB, 0
0x013F	0x00CB      	MOVWF      _Caracter
;esclavo.mbas,90 :: 		inc(timeout4)
0x0140	0x0AC8      	INCF       _TimeOut4, 1
;esclavo.mbas,91 :: 		if TimeOut4 > 200 then
0x0141	0x0848      	MOVF       _TimeOut4, 0
0x0142	0x3CC8      	SUBLW      200
0x0143	0x1803      	BTFSC      STATUS, 0
0x0144	0x294C      	GOTO       L__Inicio_LCD42
;esclavo.mbas,92 :: 		TimeOut4=0
0x0145	0x01C8      	CLRF       _TimeOut4
;esclavo.mbas,93 :: 		inc(timeout3)
0x0146	0x0AC7      	INCF       _TimeOut3, 1
;esclavo.mbas,94 :: 		if TimeOut3 > 30 then
0x0147	0x0847      	MOVF       _TimeOut3, 0
0x0148	0x3C1E      	SUBLW      30
0x0149	0x1803      	BTFSC      STATUS, 0
0x014A	0x294C      	GOTO       L__Inicio_LCD45
;esclavo.mbas,95 :: 		exit
0x014B	0x2971      	GOTO       L_end__Inicio_LCD
L__Inicio_LCD45:
;esclavo.mbas,96 :: 		end if
L__Inicio_LCD42:
;esclavo.mbas,98 :: 		loop until (Caracter=lcdstart1) and (Ant_Caracter = LcdStart2)
0x014C	0x084B      	MOVF       _Caracter, 0
0x014D	0x062E      	XORWF      _LcdStart1, 0
0x014E	0x30FF      	MOVLW      255
0x014F	0x1D03      	BTFSS      STATUS, 2
0x0150	0x3000      	MOVLW      0
0x0151	0x00F1      	MOVWF      R1
0x0152	0x084A      	MOVF       _Ant_Caracter, 0
0x0153	0x0631      	XORWF      _LcdStart2, 0
0x0154	0x30FF      	MOVLW      255
0x0155	0x1D03      	BTFSS      STATUS, 2
0x0156	0x3000      	MOVLW      0
0x0157	0x00F0      	MOVWF      R0
0x0158	0x0871      	MOVF       R1, 0
0x0159	0x05F0      	ANDWF      R0, 1
0x015A	0x1D03      	BTFSS      STATUS, 2
0x015B	0x295D      	GOTO       L__Inicio_LCD38
0x015C	0x2936      	GOTO       L__Inicio_LCD35
L__Inicio_LCD38:
;esclavo.mbas,99 :: 		if (Caracter=lcdstart1) and (Ant_Caracter = LcdStart2) then
0x015D	0x084B      	MOVF       _Caracter, 0
0x015E	0x062E      	XORWF      _LcdStart1, 0
0x015F	0x30FF      	MOVLW      255
0x0160	0x1D03      	BTFSS      STATUS, 2
0x0161	0x3000      	MOVLW      0
0x0162	0x00F1      	MOVWF      R1
0x0163	0x084A      	MOVF       _Ant_Caracter, 0
0x0164	0x0631      	XORWF      _LcdStart2, 0
0x0165	0x30FF      	MOVLW      255
0x0166	0x1D03      	BTFSS      STATUS, 2
0x0167	0x3000      	MOVLW      0
0x0168	0x00F0      	MOVWF      R0
0x0169	0x0871      	MOVF       R1, 0
0x016A	0x05F0      	ANDWF      R0, 1
0x016B	0x1903      	BTFSC      STATUS, 2
0x016C	0x2971      	GOTO       L__Inicio_LCD48
;esclavo.mbas,100 :: 		InicioLCD=true
0x016D	0x30FF      	MOVLW      255
0x016E	0x00AD      	MOVWF      _InicioLCD
;esclavo.mbas,101 :: 		Ant_Caracter=128
0x016F	0x3080      	MOVLW      128
0x0170	0x00CA      	MOVWF      _Ant_Caracter
L__Inicio_LCD48:
;esclavo.mbas,103 :: 		end sub
L_end__Inicio_LCD:
0x0171	0x0008      	RETURN
; end of _Inicio_LCD
_Leer_Caracter:
;esclavo.mbas,54 :: 		sub procedure Leer_Caracter
;esclavo.mbas,55 :: 		TimeOut4=0
0x0172	0x1283      	BCF        STATUS, 5
0x0173	0x1303      	BCF        STATUS, 6
0x0174	0x01C8      	CLRF       _TimeOut4
;esclavo.mbas,56 :: 		TimeOut3=0
0x0175	0x01C7      	CLRF       _TimeOut3
;esclavo.mbas,57 :: 		do
L__Leer_Caracter6:
;esclavo.mbas,58 :: 		do
L__Leer_Caracter11:
;esclavo.mbas,59 :: 		do
L__Leer_Caracter16:
;esclavo.mbas,60 :: 		delay_us(300)
0x0176	0x3063      	MOVLW      99
0x0177	0x00FD      	MOVWF      R13
L__Leer_Caracter21:
0x0178	0x0BFD      	DECFSZ     R13, 1
0x0179	0x2978      	GOTO       L__Leer_Caracter21
0x017A	0x0000      	NOP
0x017B	0x0000      	NOP
;esclavo.mbas,61 :: 		caracter=portb
0x017C	0x0806      	MOVF       PORTB, 0
0x017D	0x00CB      	MOVWF      _Caracter
;esclavo.mbas,62 :: 		inc(timeout4)
0x017E	0x0AC8      	INCF       _TimeOut4, 1
;esclavo.mbas,63 :: 		if TimeOut4 > 200 then
0x017F	0x0848      	MOVF       _TimeOut4, 0
0x0180	0x3CC8      	SUBLW      200
0x0181	0x1803      	BTFSC      STATUS, 0
0x0182	0x298C      	GOTO       L__Leer_Caracter23
;esclavo.mbas,64 :: 		TimeOut4=0
0x0183	0x01C8      	CLRF       _TimeOut4
;esclavo.mbas,65 :: 		inc(timeout3)
0x0184	0x0AC7      	INCF       _TimeOut3, 1
;esclavo.mbas,66 :: 		if TimeOut3 > 5 then
0x0185	0x0847      	MOVF       _TimeOut3, 0
0x0186	0x3C05      	SUBLW      5
0x0187	0x1803      	BTFSC      STATUS, 0
0x0188	0x298C      	GOTO       L__Leer_Caracter26
;esclavo.mbas,67 :: 		Caracter=32
0x0189	0x3020      	MOVLW      32
0x018A	0x00CB      	MOVWF      _Caracter
;esclavo.mbas,68 :: 		exit
0x018B	0x29A7      	GOTO       L_end__Leer_Caracter
L__Leer_Caracter26:
;esclavo.mbas,69 :: 		end if
L__Leer_Caracter23:
;esclavo.mbas,71 :: 		if Caracter=0 then
0x018C	0x084B      	MOVF       _Caracter, 0
0x018D	0x3A00      	XORLW      0
0x018E	0x1D03      	BTFSS      STATUS, 2
0x018F	0x2991      	GOTO       L__Leer_Caracter29
;esclavo.mbas,72 :: 		Ant_Caracter=0
0x0190	0x01CA      	CLRF       _Ant_Caracter
L__Leer_Caracter29:
;esclavo.mbas,74 :: 		loop until Caracter <> 0
0x0191	0x084B      	MOVF       _Caracter, 0
0x0192	0x3A00      	XORLW      0
0x0193	0x1D03      	BTFSS      STATUS, 2
0x0194	0x2996      	GOTO       L__Leer_Caracter19
0x0195	0x2976      	GOTO       L__Leer_Caracter16
L__Leer_Caracter19:
;esclavo.mbas,75 :: 		if Caracter=255 then
0x0196	0x084B      	MOVF       _Caracter, 0
0x0197	0x3AFF      	XORLW      255
0x0198	0x1D03      	BTFSS      STATUS, 2
0x0199	0x299B      	GOTO       L__Leer_Caracter32
;esclavo.mbas,76 :: 		Ant_Caracter=0
0x019A	0x01CA      	CLRF       _Ant_Caracter
L__Leer_Caracter32:
;esclavo.mbas,78 :: 		loop until Caracter <> 255
0x019B	0x084B      	MOVF       _Caracter, 0
0x019C	0x3AFF      	XORLW      255
0x019D	0x1D03      	BTFSS      STATUS, 2
0x019E	0x29A0      	GOTO       L__Leer_Caracter14
0x019F	0x2976      	GOTO       L__Leer_Caracter11
L__Leer_Caracter14:
;esclavo.mbas,79 :: 		loop until Caracter <> ant_caracter
0x01A0	0x084B      	MOVF       _Caracter, 0
0x01A1	0x064A      	XORWF      _Ant_Caracter, 0
0x01A2	0x1D03      	BTFSS      STATUS, 2
0x01A3	0x29A5      	GOTO       L__Leer_Caracter9
0x01A4	0x2976      	GOTO       L__Leer_Caracter6
L__Leer_Caracter9:
;esclavo.mbas,80 :: 		Ant_Caracter=caracter
0x01A5	0x084B      	MOVF       _Caracter, 0
0x01A6	0x00CA      	MOVWF      _Ant_Caracter
;esclavo.mbas,81 :: 		end sub
L_end__Leer_Caracter:
0x01A7	0x0008      	RETURN
; end of _Leer_Caracter
_EEPROM_Read:
;__Lib_EEPROM.mpas,13 :: 		
;__Lib_EEPROM.mpas,14 :: 		
0x01A8	0x1283      	BCF        STATUS, 5
0x01A9	0x1303      	BCF        STATUS, 6
0x01AA	0x084F      	MOVF       FARG_EEPROM_Read_address, 0
0x01AB	0x1703      	BSF        STATUS, 6
0x01AC	0x008D      	MOVWF      EEADR
;__Lib_EEPROM.mpas,15 :: 		
0x01AD	0x1683      	BSF        STATUS, 5
0x01AE	0x138C      	BCF        EECON1, 7
;__Lib_EEPROM.mpas,21 :: 		
0x01AF	0x140C      	BSF        EECON1, 0
;__Lib_EEPROM.mpas,22 :: 		
0x01B0	0x1283      	BCF        STATUS, 5
0x01B1	0x080C      	MOVF       EEDATA, 0
0x01B2	0x00F1      	MOVWF      R1
;__Lib_EEPROM.mpas,23 :: 		
0x01B3	0x0871      	MOVF       R1, 0
0x01B4	0x00F0      	MOVWF      R0
0x01B5	0x0008      	RETURN
; end of _EEPROM_Read
_LimpiarLeds:
;esclavo.mbas,41 :: 		sub procedure LimpiarLeds
;esclavo.mbas,42 :: 		LimpiaPerro=0
0x01B6	0x1283      	BCF        STATUS, 5
0x01B7	0x1303      	BCF        STATUS, 6
0x01B8	0x01A4      	CLRF       _LimpiaPerro
;esclavo.mbas,43 :: 		if testbit(STATUS,4) then
0x01B9	0x01F0      	CLRF       R0
0x01BA	0x1E03      	BTFSS      STATUS, 4
0x01BB	0x29BE      	GOTO       L__LimpiarLeds4
0x01BC	0x3001      	MOVLW      1
0x01BD	0x00F0      	MOVWF      R0
L__LimpiarLeds4:
0x01BE	0x0870      	MOVF       R0, 0
0x01BF	0x1903      	BTFSC      STATUS, 2
0x01C0	0x29C3      	GOTO       L__LimpiarLeds2
;esclavo.mbas,44 :: 		porta.4=0
0x01C1	0x1205      	BCF        PORTA, 4
0x01C2	0x29C8      	GOTO       L__LimpiarLeds3
;esclavo.mbas,45 :: 		else
L__LimpiarLeds2:
;esclavo.mbas,46 :: 		clrwdt
0x01C3	0x0064      	CLRWDT
;esclavo.mbas,47 :: 		porta.4=1
0x01C4	0x1605      	BSF        PORTA, 4
;esclavo.mbas,48 :: 		porta.5=1
0x01C5	0x1685      	BSF        PORTA, 5
;esclavo.mbas,49 :: 		portc.0=1
0x01C6	0x1407      	BSF        PORTC, 0
;esclavo.mbas,50 :: 		portc.1=1
0x01C7	0x1487      	BSF        PORTC, 1
;esclavo.mbas,51 :: 		end if
L__LimpiarLeds3:
;esclavo.mbas,53 :: 		end sub
0x01C8	0x0008      	RETURN
; end of _LimpiarLeds
_UART1_Init:
;__Lib_UART_c67.mpas,33 :: 		
;__Lib_UART_c67.mpas,34 :: 		
0x01C9	0x1683      	BSF        STATUS, 5
0x01CA	0x1303      	BCF        STATUS, 6
0x01CB	0x1698      	BSF        TXSTA, 5
;__Lib_UART_c67.mpas,35 :: 		
0x01CC	0x3090      	MOVLW      144
0x01CD	0x1283      	BCF        STATUS, 5
0x01CE	0x0098      	MOVWF      RCSTA
;__Lib_UART_c67.mpas,36 :: 		
0x01CF	0x1683      	BSF        STATUS, 5
0x01D0	0x1787      	BSF        TRISC7_bit, 7
;__Lib_UART_c67.mpas,37 :: 		
0x01D1	0x1307      	BCF        TRISC6_bit, 6
;__Lib_UART_c67.mpas,38 :: 		
L__UART1_Init2:
0x01D2	0x1283      	BCF        STATUS, 5
0x01D3	0x1E8C      	BTFSS      PIR1, 5
0x01D4	0x29D8      	GOTO       L__UART1_Init3
;__Lib_UART_c67.mpas,39 :: 		
0x01D5	0x081A      	MOVF       RCREG, 0
0x01D6	0x00F0      	MOVWF      R0
0x01D7	0x29D2      	GOTO       L__UART1_Init2
L__UART1_Init3:
;__Lib_UART_c67.mpas,40 :: 		
0x01D8	0x0008      	RETURN
; end of _UART1_Init
_Leer_LCD:
;esclavo.mbas,104 :: 		sub procedure Leer_LCD
;esclavo.mbas,107 :: 		Inicio_LCD
0x01D9	0x2131      	CALL       _Inicio_LCD
;esclavo.mbas,109 :: 		if InicioLCD then
0x01DA	0x082D      	MOVF       _InicioLCD, 0
0x01DB	0x1903      	BTFSC      STATUS, 2
0x01DC	0x2B65      	GOTO       L__Leer_LCD52
;esclavo.mbas,111 :: 		contador=7
0x01DD	0x3007      	MOVLW      7
0x01DE	0x00AC      	MOVWF      _Contador
;esclavo.mbas,112 :: 		do
L__Leer_LCD54:
;esclavo.mbas,113 :: 		Leer_Caracter
0x01DF	0x2172      	CALL       _Leer_Caracter
;esclavo.mbas,115 :: 		case 65,66,67,68,69,70,71,72,73,74,75,76,77,78,79,80,81,82,83,84,85,86,87,88,89,90
0x01E0	0x084B      	MOVF       _Caracter, 0
0x01E1	0x3A41      	XORLW      65
0x01E2	0x1D03      	BTFSS      STATUS, 2
0x01E3	0x29E5      	GOTO       L__Leer_LCD62
0x01E4	0x2A61      	GOTO       L__Leer_LCD60
L__Leer_LCD62:
0x01E5	0x084B      	MOVF       _Caracter, 0
0x01E6	0x3A42      	XORLW      66
0x01E7	0x1D03      	BTFSS      STATUS, 2
0x01E8	0x29EA      	GOTO       L__Leer_LCD63
0x01E9	0x2A61      	GOTO       L__Leer_LCD60
L__Leer_LCD63:
0x01EA	0x084B      	MOVF       _Caracter, 0
0x01EB	0x3A43      	XORLW      67
0x01EC	0x1D03      	BTFSS      STATUS, 2
0x01ED	0x29EF      	GOTO       L__Leer_LCD64
0x01EE	0x2A61      	GOTO       L__Leer_LCD60
L__Leer_LCD64:
0x01EF	0x084B      	MOVF       _Caracter, 0
0x01F0	0x3A44      	XORLW      68
0x01F1	0x1D03      	BTFSS      STATUS, 2
0x01F2	0x29F4      	GOTO       L__Leer_LCD65
0x01F3	0x2A61      	GOTO       L__Leer_LCD60
L__Leer_LCD65:
0x01F4	0x084B      	MOVF       _Caracter, 0
0x01F5	0x3A45      	XORLW      69
0x01F6	0x1D03      	BTFSS      STATUS, 2
0x01F7	0x29F9      	GOTO       L__Leer_LCD66
0x01F8	0x2A61      	GOTO       L__Leer_LCD60
L__Leer_LCD66:
0x01F9	0x084B      	MOVF       _Caracter, 0
0x01FA	0x3A46      	XORLW      70
0x01FB	0x1D03      	BTFSS      STATUS, 2
0x01FC	0x29FE      	GOTO       L__Leer_LCD67
0x01FD	0x2A61      	GOTO       L__Leer_LCD60
L__Leer_LCD67:
0x01FE	0x084B      	MOVF       _Caracter, 0
0x01FF	0x3A47      	XORLW      71
0x0200	0x1D03      	BTFSS      STATUS, 2
0x0201	0x2A03      	GOTO       L__Leer_LCD68
0x0202	0x2A61      	GOTO       L__Leer_LCD60
L__Leer_LCD68:
0x0203	0x084B      	MOVF       _Caracter, 0
0x0204	0x3A48      	XORLW      72
0x0205	0x1D03      	BTFSS      STATUS, 2
0x0206	0x2A08      	GOTO       L__Leer_LCD69
0x0207	0x2A61      	GOTO       L__Leer_LCD60
L__Leer_LCD69:
0x0208	0x084B      	MOVF       _Caracter, 0
0x0209	0x3A49      	XORLW      73
0x020A	0x1D03      	BTFSS      STATUS, 2
0x020B	0x2A0D      	GOTO       L__Leer_LCD70
0x020C	0x2A61      	GOTO       L__Leer_LCD60
L__Leer_LCD70:
0x020D	0x084B      	MOVF       _Caracter, 0
0x020E	0x3A4A      	XORLW      74
0x020F	0x1D03      	BTFSS      STATUS, 2
0x0210	0x2A12      	GOTO       L__Leer_LCD71
0x0211	0x2A61      	GOTO       L__Leer_LCD60
L__Leer_LCD71:
0x0212	0x084B      	MOVF       _Caracter, 0
0x0213	0x3A4B      	XORLW      75
0x0214	0x1D03      	BTFSS      STATUS, 2
0x0215	0x2A17      	GOTO       L__Leer_LCD72
0x0216	0x2A61      	GOTO       L__Leer_LCD60
L__Leer_LCD72:
0x0217	0x084B      	MOVF       _Caracter, 0
0x0218	0x3A4C      	XORLW      76
0x0219	0x1D03      	BTFSS      STATUS, 2
0x021A	0x2A1C      	GOTO       L__Leer_LCD73
0x021B	0x2A61      	GOTO       L__Leer_LCD60
L__Leer_LCD73:
0x021C	0x084B      	MOVF       _Caracter, 0
0x021D	0x3A4D      	XORLW      77
0x021E	0x1D03      	BTFSS      STATUS, 2
0x021F	0x2A21      	GOTO       L__Leer_LCD74
0x0220	0x2A61      	GOTO       L__Leer_LCD60
L__Leer_LCD74:
0x0221	0x084B      	MOVF       _Caracter, 0
0x0222	0x3A4E      	XORLW      78
0x0223	0x1D03      	BTFSS      STATUS, 2
0x0224	0x2A26      	GOTO       L__Leer_LCD75
0x0225	0x2A61      	GOTO       L__Leer_LCD60
L__Leer_LCD75:
0x0226	0x084B      	MOVF       _Caracter, 0
0x0227	0x3A4F      	XORLW      79
0x0228	0x1D03      	BTFSS      STATUS, 2
0x0229	0x2A2B      	GOTO       L__Leer_LCD76
0x022A	0x2A61      	GOTO       L__Leer_LCD60
L__Leer_LCD76:
0x022B	0x084B      	MOVF       _Caracter, 0
0x022C	0x3A50      	XORLW      80
0x022D	0x1D03      	BTFSS      STATUS, 2
0x022E	0x2A30      	GOTO       L__Leer_LCD77
0x022F	0x2A61      	GOTO       L__Leer_LCD60
L__Leer_LCD77:
0x0230	0x084B      	MOVF       _Caracter, 0
0x0231	0x3A51      	XORLW      81
0x0232	0x1D03      	BTFSS      STATUS, 2
0x0233	0x2A35      	GOTO       L__Leer_LCD78
0x0234	0x2A61      	GOTO       L__Leer_LCD60
L__Leer_LCD78:
0x0235	0x084B      	MOVF       _Caracter, 0
0x0236	0x3A52      	XORLW      82
0x0237	0x1D03      	BTFSS      STATUS, 2
0x0238	0x2A3A      	GOTO       L__Leer_LCD79
0x0239	0x2A61      	GOTO       L__Leer_LCD60
L__Leer_LCD79:
0x023A	0x084B      	MOVF       _Caracter, 0
0x023B	0x3A53      	XORLW      83
0x023C	0x1D03      	BTFSS      STATUS, 2
0x023D	0x2A3F      	GOTO       L__Leer_LCD80
0x023E	0x2A61      	GOTO       L__Leer_LCD60
L__Leer_LCD80:
0x023F	0x084B      	MOVF       _Caracter, 0
0x0240	0x3A54      	XORLW      84
0x0241	0x1D03      	BTFSS      STATUS, 2
0x0242	0x2A44      	GOTO       L__Leer_LCD81
0x0243	0x2A61      	GOTO       L__Leer_LCD60
L__Leer_LCD81:
0x0244	0x084B      	MOVF       _Caracter, 0
0x0245	0x3A55      	XORLW      85
0x0246	0x1D03      	BTFSS      STATUS, 2
0x0247	0x2A49      	GOTO       L__Leer_LCD82
0x0248	0x2A61      	GOTO       L__Leer_LCD60
L__Leer_LCD82:
0x0249	0x084B      	MOVF       _Caracter, 0
0x024A	0x3A56      	XORLW      86
0x024B	0x1D03      	BTFSS      STATUS, 2
0x024C	0x2A4E      	GOTO       L__Leer_LCD83
0x024D	0x2A61      	GOTO       L__Leer_LCD60
L__Leer_LCD83:
0x024E	0x084B      	MOVF       _Caracter, 0
0x024F	0x3A57      	XORLW      87
0x0250	0x1D03      	BTFSS      STATUS, 2
0x0251	0x2A53      	GOTO       L__Leer_LCD84
0x0252	0x2A61      	GOTO       L__Leer_LCD60
L__Leer_LCD84:
0x0253	0x084B      	MOVF       _Caracter, 0
0x0254	0x3A58      	XORLW      88
0x0255	0x1D03      	BTFSS      STATUS, 2
0x0256	0x2A58      	GOTO       L__Leer_LCD85
0x0257	0x2A61      	GOTO       L__Leer_LCD60
L__Leer_LCD85:
0x0258	0x084B      	MOVF       _Caracter, 0
0x0259	0x3A59      	XORLW      89
0x025A	0x1D03      	BTFSS      STATUS, 2
0x025B	0x2A5D      	GOTO       L__Leer_LCD86
0x025C	0x2A61      	GOTO       L__Leer_LCD60
L__Leer_LCD86:
0x025D	0x084B      	MOVF       _Caracter, 0
0x025E	0x3A5A      	XORLW      90
0x025F	0x1D03      	BTFSS      STATUS, 2
0x0260	0x2A68      	GOTO       L__Leer_LCD87
L__Leer_LCD60:
;esclavo.mbas,116 :: 		contador=contador+1
0x0261	0x0AAC      	INCF       _Contador, 1
;esclavo.mbas,117 :: 		Mensaje[contador]=caracter
0x0262	0x082C      	MOVF       _Contador, 0
0x0263	0x3EA0      	ADDLW      _Mensaje
0x0264	0x0084      	MOVWF      FSR
0x0265	0x084B      	MOVF       _Caracter, 0
0x0266	0x0080      	MOVWF      INDF
0x0267	0x2B60      	GOTO       L__Leer_LCD59
L__Leer_LCD87:
;esclavo.mbas,118 :: 		case 97,98,99,100,101,102,103,104,105,106,107,108,109,110,111,112,113,114,115,116,117,118,119,120,121,122
0x0268	0x084B      	MOVF       _Caracter, 0
0x0269	0x3A61      	XORLW      97
0x026A	0x1D03      	BTFSS      STATUS, 2
0x026B	0x2A6D      	GOTO       L__Leer_LCD90
0x026C	0x2AE9      	GOTO       L__Leer_LCD88
L__Leer_LCD90:
0x026D	0x084B      	MOVF       _Caracter, 0
0x026E	0x3A62      	XORLW      98
0x026F	0x1D03      	BTFSS      STATUS, 2
0x0270	0x2A72      	GOTO       L__Leer_LCD91
0x0271	0x2AE9      	GOTO       L__Leer_LCD88
L__Leer_LCD91:
0x0272	0x084B      	MOVF       _Caracter, 0
0x0273	0x3A63      	XORLW      99
0x0274	0x1D03      	BTFSS      STATUS, 2
0x0275	0x2A77      	GOTO       L__Leer_LCD92
0x0276	0x2AE9      	GOTO       L__Leer_LCD88
L__Leer_LCD92:
0x0277	0x084B      	MOVF       _Caracter, 0
0x0278	0x3A64      	XORLW      100
0x0279	0x1D03      	BTFSS      STATUS, 2
0x027A	0x2A7C      	GOTO       L__Leer_LCD93
0x027B	0x2AE9      	GOTO       L__Leer_LCD88
L__Leer_LCD93:
0x027C	0x084B      	MOVF       _Caracter, 0
0x027D	0x3A65      	XORLW      101
0x027E	0x1D03      	BTFSS      STATUS, 2
0x027F	0x2A81      	GOTO       L__Leer_LCD94
0x0280	0x2AE9      	GOTO       L__Leer_LCD88
L__Leer_LCD94:
0x0281	0x084B      	MOVF       _Caracter, 0
0x0282	0x3A66      	XORLW      102
0x0283	0x1D03      	BTFSS      STATUS, 2
0x0284	0x2A86      	GOTO       L__Leer_LCD95
0x0285	0x2AE9      	GOTO       L__Leer_LCD88
L__Leer_LCD95:
0x0286	0x084B      	MOVF       _Caracter, 0
0x0287	0x3A67      	XORLW      103
0x0288	0x1D03      	BTFSS      STATUS, 2
0x0289	0x2A8B      	GOTO       L__Leer_LCD96
0x028A	0x2AE9      	GOTO       L__Leer_LCD88
L__Leer_LCD96:
0x028B	0x084B      	MOVF       _Caracter, 0
0x028C	0x3A68      	XORLW      104
0x028D	0x1D03      	BTFSS      STATUS, 2
0x028E	0x2A90      	GOTO       L__Leer_LCD97
0x028F	0x2AE9      	GOTO       L__Leer_LCD88
L__Leer_LCD97:
0x0290	0x084B      	MOVF       _Caracter, 0
0x0291	0x3A69      	XORLW      105
0x0292	0x1D03      	BTFSS      STATUS, 2
0x0293	0x2A95      	GOTO       L__Leer_LCD98
0x0294	0x2AE9      	GOTO       L__Leer_LCD88
L__Leer_LCD98:
0x0295	0x084B      	MOVF       _Caracter, 0
0x0296	0x3A6A      	XORLW      106
0x0297	0x1D03      	BTFSS      STATUS, 2
0x0298	0x2A9A      	GOTO       L__Leer_LCD99
0x0299	0x2AE9      	GOTO       L__Leer_LCD88
L__Leer_LCD99:
0x029A	0x084B      	MOVF       _Caracter, 0
0x029B	0x3A6B      	XORLW      107
0x029C	0x1D03      	BTFSS      STATUS, 2
0x029D	0x2A9F      	GOTO       L__Leer_LCD100
0x029E	0x2AE9      	GOTO       L__Leer_LCD88
L__Leer_LCD100:
0x029F	0x084B      	MOVF       _Caracter, 0
0x02A0	0x3A6C      	XORLW      108
0x02A1	0x1D03      	BTFSS      STATUS, 2
0x02A2	0x2AA4      	GOTO       L__Leer_LCD101
0x02A3	0x2AE9      	GOTO       L__Leer_LCD88
L__Leer_LCD101:
0x02A4	0x084B      	MOVF       _Caracter, 0
0x02A5	0x3A6D      	XORLW      109
0x02A6	0x1D03      	BTFSS      STATUS, 2
0x02A7	0x2AA9      	GOTO       L__Leer_LCD102
0x02A8	0x2AE9      	GOTO       L__Leer_LCD88
L__Leer_LCD102:
0x02A9	0x084B      	MOVF       _Caracter, 0
0x02AA	0x3A6E      	XORLW      110
0x02AB	0x1D03      	BTFSS      STATUS, 2
0x02AC	0x2AAE      	GOTO       L__Leer_LCD103
0x02AD	0x2AE9      	GOTO       L__Leer_LCD88
L__Leer_LCD103:
0x02AE	0x084B      	MOVF       _Caracter, 0
0x02AF	0x3A6F      	XORLW      111
0x02B0	0x1D03      	BTFSS      STATUS, 2
0x02B1	0x2AB3      	GOTO       L__Leer_LCD104
0x02B2	0x2AE9      	GOTO       L__Leer_LCD88
L__Leer_LCD104:
0x02B3	0x084B      	MOVF       _Caracter, 0
0x02B4	0x3A70      	XORLW      112
0x02B5	0x1D03      	BTFSS      STATUS, 2
0x02B6	0x2AB8      	GOTO       L__Leer_LCD105
0x02B7	0x2AE9      	GOTO       L__Leer_LCD88
L__Leer_LCD105:
0x02B8	0x084B      	MOVF       _Caracter, 0
0x02B9	0x3A71      	XORLW      113
0x02BA	0x1D03      	BTFSS      STATUS, 2
0x02BB	0x2ABD      	GOTO       L__Leer_LCD106
0x02BC	0x2AE9      	GOTO       L__Leer_LCD88
L__Leer_LCD106:
0x02BD	0x084B      	MOVF       _Caracter, 0
0x02BE	0x3A72      	XORLW      114
0x02BF	0x1D03      	BTFSS      STATUS, 2
0x02C0	0x2AC2      	GOTO       L__Leer_LCD107
0x02C1	0x2AE9      	GOTO       L__Leer_LCD88
L__Leer_LCD107:
0x02C2	0x084B      	MOVF       _Caracter, 0
0x02C3	0x3A73      	XORLW      115
0x02C4	0x1D03      	BTFSS      STATUS, 2
0x02C5	0x2AC7      	GOTO       L__Leer_LCD108
0x02C6	0x2AE9      	GOTO       L__Leer_LCD88
L__Leer_LCD108:
0x02C7	0x084B      	MOVF       _Caracter, 0
0x02C8	0x3A74      	XORLW      116
0x02C9	0x1D03      	BTFSS      STATUS, 2
0x02CA	0x2ACC      	GOTO       L__Leer_LCD109
0x02CB	0x2AE9      	GOTO       L__Leer_LCD88
L__Leer_LCD109:
0x02CC	0x084B      	MOVF       _Caracter, 0
0x02CD	0x3A75      	XORLW      117
0x02CE	0x1D03      	BTFSS      STATUS, 2
0x02CF	0x2AD1      	GOTO       L__Leer_LCD110
0x02D0	0x2AE9      	GOTO       L__Leer_LCD88
L__Leer_LCD110:
0x02D1	0x084B      	MOVF       _Caracter, 0
0x02D2	0x3A76      	XORLW      118
0x02D3	0x1D03      	BTFSS      STATUS, 2
0x02D4	0x2AD6      	GOTO       L__Leer_LCD111
0x02D5	0x2AE9      	GOTO       L__Leer_LCD88
L__Leer_LCD111:
0x02D6	0x084B      	MOVF       _Caracter, 0
0x02D7	0x3A77      	XORLW      119
0x02D8	0x1D03      	BTFSS      STATUS, 2
0x02D9	0x2ADB      	GOTO       L__Leer_LCD112
0x02DA	0x2AE9      	GOTO       L__Leer_LCD88
L__Leer_LCD112:
0x02DB	0x084B      	MOVF       _Caracter, 0
0x02DC	0x3A78      	XORLW      120
0x02DD	0x1D03      	BTFSS      STATUS, 2
0x02DE	0x2AE0      	GOTO       L__Leer_LCD113
0x02DF	0x2AE9      	GOTO       L__Leer_LCD88
L__Leer_LCD113:
0x02E0	0x084B      	MOVF       _Caracter, 0
0x02E1	0x3A79      	XORLW      121
0x02E2	0x1D03      	BTFSS      STATUS, 2
0x02E3	0x2AE5      	GOTO       L__Leer_LCD114
0x02E4	0x2AE9      	GOTO       L__Leer_LCD88
L__Leer_LCD114:
0x02E5	0x084B      	MOVF       _Caracter, 0
0x02E6	0x3A7A      	XORLW      122
0x02E7	0x1D03      	BTFSS      STATUS, 2
0x02E8	0x2AF0      	GOTO       L__Leer_LCD115
L__Leer_LCD88:
;esclavo.mbas,119 :: 		contador=contador+1
0x02E9	0x0AAC      	INCF       _Contador, 1
;esclavo.mbas,120 :: 		Mensaje[contador]=caracter
0x02EA	0x082C      	MOVF       _Contador, 0
0x02EB	0x3EA0      	ADDLW      _Mensaje
0x02EC	0x0084      	MOVWF      FSR
0x02ED	0x084B      	MOVF       _Caracter, 0
0x02EE	0x0080      	MOVWF      INDF
0x02EF	0x2B60      	GOTO       L__Leer_LCD59
L__Leer_LCD115:
;esclavo.mbas,121 :: 		case 48,49,50,51,52,53,54,55,56,57,58
0x02F0	0x084B      	MOVF       _Caracter, 0
0x02F1	0x3A30      	XORLW      48
0x02F2	0x1D03      	BTFSS      STATUS, 2
0x02F3	0x2AF5      	GOTO       L__Leer_LCD118
0x02F4	0x2B26      	GOTO       L__Leer_LCD116
L__Leer_LCD118:
0x02F5	0x084B      	MOVF       _Caracter, 0
0x02F6	0x3A31      	XORLW      49
0x02F7	0x1D03      	BTFSS      STATUS, 2
0x02F8	0x2AFA      	GOTO       L__Leer_LCD119
0x02F9	0x2B26      	GOTO       L__Leer_LCD116
L__Leer_LCD119:
0x02FA	0x084B      	MOVF       _Caracter, 0
0x02FB	0x3A32      	XORLW      50
0x02FC	0x1D03      	BTFSS      STATUS, 2
0x02FD	0x2AFF      	GOTO       L__Leer_LCD120
0x02FE	0x2B26      	GOTO       L__Leer_LCD116
L__Leer_LCD120:
0x02FF	0x084B      	MOVF       _Caracter, 0
0x0300	0x3A33      	XORLW      51
0x0301	0x1D03      	BTFSS      STATUS, 2
0x0302	0x2B04      	GOTO       L__Leer_LCD121
0x0303	0x2B26      	GOTO       L__Leer_LCD116
L__Leer_LCD121:
0x0304	0x084B      	MOVF       _Caracter, 0
0x0305	0x3A34      	XORLW      52
0x0306	0x1D03      	BTFSS      STATUS, 2
0x0307	0x2B09      	GOTO       L__Leer_LCD122
0x0308	0x2B26      	GOTO       L__Leer_LCD116
L__Leer_LCD122:
0x0309	0x084B      	MOVF       _Caracter, 0
0x030A	0x3A35      	XORLW      53
0x030B	0x1D03      	BTFSS      STATUS, 2
0x030C	0x2B0E      	GOTO       L__Leer_LCD123
0x030D	0x2B26      	GOTO       L__Leer_LCD116
L__Leer_LCD123:
0x030E	0x084B      	MOVF       _Caracter, 0
0x030F	0x3A36      	XORLW      54
0x0310	0x1D03      	BTFSS      STATUS, 2
0x0311	0x2B13      	GOTO       L__Leer_LCD124
0x0312	0x2B26      	GOTO       L__Leer_LCD116
L__Leer_LCD124:
0x0313	0x084B      	MOVF       _Caracter, 0
0x0314	0x3A37      	XORLW      55
0x0315	0x1D03      	BTFSS      STATUS, 2
0x0316	0x2B18      	GOTO       L__Leer_LCD125
0x0317	0x2B26      	GOTO       L__Leer_LCD116
L__Leer_LCD125:
0x0318	0x084B      	MOVF       _Caracter, 0
0x0319	0x3A38      	XORLW      56
0x031A	0x1D03      	BTFSS      STATUS, 2
0x031B	0x2B1D      	GOTO       L__Leer_LCD126
0x031C	0x2B26      	GOTO       L__Leer_LCD116
L__Leer_LCD126:
0x031D	0x084B      	MOVF       _Caracter, 0
0x031E	0x3A39      	XORLW      57
0x031F	0x1D03      	BTFSS      STATUS, 2
0x0320	0x2B22      	GOTO       L__Leer_LCD127
0x0321	0x2B26      	GOTO       L__Leer_LCD116
L__Leer_LCD127:
0x0322	0x084B      	MOVF       _Caracter, 0
0x0323	0x3A3A      	XORLW      58
0x0324	0x1D03      	BTFSS      STATUS, 2
0x0325	0x2B2D      	GOTO       L__Leer_LCD128
L__Leer_LCD116:
;esclavo.mbas,122 :: 		contador=contador+1
0x0326	0x0AAC      	INCF       _Contador, 1
;esclavo.mbas,123 :: 		Mensaje[contador]=caracter
0x0327	0x082C      	MOVF       _Contador, 0
0x0328	0x3EA0      	ADDLW      _Mensaje
0x0329	0x0084      	MOVWF      FSR
0x032A	0x084B      	MOVF       _Caracter, 0
0x032B	0x0080      	MOVWF      INDF
0x032C	0x2B60      	GOTO       L__Leer_LCD59
L__Leer_LCD128:
;esclavo.mbas,124 :: 		case 32,35,40,41,42,45,46,61,95
0x032D	0x084B      	MOVF       _Caracter, 0
0x032E	0x3A20      	XORLW      32
0x032F	0x1D03      	BTFSS      STATUS, 2
0x0330	0x2B32      	GOTO       L__Leer_LCD131
0x0331	0x2B59      	GOTO       L__Leer_LCD129
L__Leer_LCD131:
0x0332	0x084B      	MOVF       _Caracter, 0
0x0333	0x3A23      	XORLW      35
0x0334	0x1D03      	BTFSS      STATUS, 2
0x0335	0x2B37      	GOTO       L__Leer_LCD132
0x0336	0x2B59      	GOTO       L__Leer_LCD129
L__Leer_LCD132:
0x0337	0x084B      	MOVF       _Caracter, 0
0x0338	0x3A28      	XORLW      40
0x0339	0x1D03      	BTFSS      STATUS, 2
0x033A	0x2B3C      	GOTO       L__Leer_LCD133
0x033B	0x2B59      	GOTO       L__Leer_LCD129
L__Leer_LCD133:
0x033C	0x084B      	MOVF       _Caracter, 0
0x033D	0x3A29      	XORLW      41
0x033E	0x1D03      	BTFSS      STATUS, 2
0x033F	0x2B41      	GOTO       L__Leer_LCD134
0x0340	0x2B59      	GOTO       L__Leer_LCD129
L__Leer_LCD134:
0x0341	0x084B      	MOVF       _Caracter, 0
0x0342	0x3A2A      	XORLW      42
0x0343	0x1D03      	BTFSS      STATUS, 2
0x0344	0x2B46      	GOTO       L__Leer_LCD135
0x0345	0x2B59      	GOTO       L__Leer_LCD129
L__Leer_LCD135:
0x0346	0x084B      	MOVF       _Caracter, 0
0x0347	0x3A2D      	XORLW      45
0x0348	0x1D03      	BTFSS      STATUS, 2
0x0349	0x2B4B      	GOTO       L__Leer_LCD136
0x034A	0x2B59      	GOTO       L__Leer_LCD129
L__Leer_LCD136:
0x034B	0x084B      	MOVF       _Caracter, 0
0x034C	0x3A2E      	XORLW      46
0x034D	0x1D03      	BTFSS      STATUS, 2
0x034E	0x2B50      	GOTO       L__Leer_LCD137
0x034F	0x2B59      	GOTO       L__Leer_LCD129
L__Leer_LCD137:
0x0350	0x084B      	MOVF       _Caracter, 0
0x0351	0x3A3D      	XORLW      61
0x0352	0x1D03      	BTFSS      STATUS, 2
0x0353	0x2B55      	GOTO       L__Leer_LCD138
0x0354	0x2B59      	GOTO       L__Leer_LCD129
L__Leer_LCD138:
0x0355	0x084B      	MOVF       _Caracter, 0
0x0356	0x3A5F      	XORLW      95
0x0357	0x1D03      	BTFSS      STATUS, 2
0x0358	0x2B60      	GOTO       L__Leer_LCD139
L__Leer_LCD129:
;esclavo.mbas,125 :: 		contador=contador+1
0x0359	0x0AAC      	INCF       _Contador, 1
;esclavo.mbas,126 :: 		Mensaje[contador]=caracter
0x035A	0x082C      	MOVF       _Contador, 0
0x035B	0x3EA0      	ADDLW      _Mensaje
0x035C	0x0084      	MOVWF      FSR
0x035D	0x084B      	MOVF       _Caracter, 0
0x035E	0x0080      	MOVWF      INDF
0x035F	0x2B60      	GOTO       L__Leer_LCD59
L__Leer_LCD139:
L__Leer_LCD59:
;esclavo.mbas,129 :: 		loop until contador > 91
0x0360	0x082C      	MOVF       _Contador, 0
0x0361	0x3C5B      	SUBLW      91
0x0362	0x1C03      	BTFSS      STATUS, 0
0x0363	0x2B65      	GOTO       L__Leer_LCD57
0x0364	0x29DF      	GOTO       L__Leer_LCD54
L__Leer_LCD57:
L__Leer_LCD52:
;esclavo.mbas,132 :: 		end sub
0x0365	0x0008      	RETURN
; end of _Leer_LCD
_UART1_Read:
;__Lib_UART_c67.mpas,54 :: 		
;__Lib_UART_c67.mpas,55 :: 		
0x0366	0x1283      	BCF        STATUS, 5
0x0367	0x1303      	BCF        STATUS, 6
0x0368	0x081A      	MOVF       RCREG, 0
0x0369	0x00F2      	MOVWF      R2
;__Lib_UART_c67.mpas,56 :: 		
0x036A	0x1C98      	BTFSS      RCSTA, 1
0x036B	0x2B6E      	GOTO       L__UART1_Read9
;__Lib_UART_c67.mpas,58 :: 		
0x036C	0x1218      	BCF        RCSTA, 4
;__Lib_UART_c67.mpas,59 :: 		
0x036D	0x1618      	BSF        RCSTA, 4
;__Lib_UART_c67.mpas,60 :: 		
L__UART1_Read9:
;__Lib_UART_c67.mpas,61 :: 		
0x036E	0x0872      	MOVF       R2, 0
0x036F	0x00F1      	MOVWF      R1
;__Lib_UART_c67.mpas,62 :: 		
0x0370	0x0871      	MOVF       R1, 0
0x0371	0x00F0      	MOVWF      R0
0x0372	0x0008      	RETURN
; end of _UART1_Read
_UART1_Data_Ready:
;__Lib_UART_c67.mpas,46 :: 		
;__Lib_UART_c67.mpas,47 :: 		
0x0373	0x3000      	MOVLW      0
0x0374	0x1283      	BCF        STATUS, 5
0x0375	0x1303      	BCF        STATUS, 6
0x0376	0x1A8C      	BTFSC      PIR1, 5
0x0377	0x3001      	MOVLW      1
0x0378	0x00F1      	MOVWF      R1
;__Lib_UART_c67.mpas,48 :: 		
0x0379	0x0871      	MOVF       R1, 0
0x037A	0x00F0      	MOVWF      R0
0x037B	0x0008      	RETURN
; end of _UART1_Data_Ready
_ADC_Init:
;__Lib_ADC_A_C.mpas,17 :: 		
;__Lib_ADC_A_C.mpas,18 :: 		
0x037C	0x30FF      	MOVLW      _ADC_Get_Sample
0x037D	0x1283      	BCF        STATUS, 5
0x037E	0x1303      	BCF        STATUS, 6
0x037F	0x00B6      	MOVWF      _ADC_Get_Sample_Ptr
0x0380	0x30FF      	MOVLW      hi_addr(_ADC_Get_Sample)
0x0381	0x00B7      	MOVWF      _ADC_Get_Sample_Ptr+1
0x0382	0x30FF      	MOVLW      FARG_ADC_Get_Sample_channel
0x0383	0x00B8      	MOVWF      _ADC_Get_Sample_Ptr+2
0x0384	0x30FF      	MOVLW      hi_addr(FARG_ADC_Get_Sample_channel)
;__Lib_ADC_A_C.mpas,20 :: 		
0x0385	0x019F      	CLRF       ADCON0
;__Lib_ADC_A_C.mpas,21 :: 		
0x0386	0x30C0      	MOVLW      192
0x0387	0x049F      	IORWF      ADCON0, 1
;__Lib_ADC_A_C.mpas,22 :: 		
0x0388	0x1683      	BSF        STATUS, 5
0x0389	0x171F      	BSF        ADCON1, 6
;__Lib_ADC_A_C.mpas,23 :: 		
0x038A	0x179F      	BSF        ADCON1, 7
;__Lib_ADC_A_C.mpas,26 :: 		
0x038B	0x1283      	BCF        STATUS, 5
0x038C	0x141F      	BSF        ADCON0, 0
;__Lib_ADC_A_C.mpas,27 :: 		
0x038D	0x0008      	RETURN
; end of _ADC_Init
_CalcularCRC:
;esclavo.mbas,133 :: 		sub procedure CalcularCRC()
;esclavo.mbas,134 :: 		crc=65535
0x038E	0x30FF      	MOVLW      255
0x038F	0x1283      	BCF        STATUS, 5
0x0390	0x1303      	BCF        STATUS, 6
0x0391	0x00A7      	MOVWF      _CRC
0x0392	0x30FF      	MOVLW      255
0x0393	0x00A8      	MOVWF      _CRC+1
;esclavo.mbas,135 :: 		for iter=0 to Longitud - 1
0x0394	0x01AB      	CLRF       _Iter
L__CalcularCRC141:
0x0395	0x032A      	DECF       _Longitud, 0
0x0396	0x00F2      	MOVWF      R2
0x0397	0x082B      	MOVF       _Iter, 0
0x0398	0x0272      	SUBWF      R2, 0
0x0399	0x1C03      	BTFSS      STATUS, 0
0x039A	0x2BBD      	GOTO       L__CalcularCRC145
;esclavo.mbas,136 :: 		crc=crc xor mensaje[iter]
0x039B	0x082B      	MOVF       _Iter, 0
0x039C	0x3EA0      	ADDLW      _Mensaje
0x039D	0x0084      	MOVWF      FSR
0x039E	0x0800      	MOVF       INDF, 0
0x039F	0x06A7      	XORWF      _CRC, 1
0x03A0	0x3000      	MOVLW      0
0x03A1	0x06A8      	XORWF      _CRC+1, 1
;esclavo.mbas,137 :: 		for bites= 1 to 8
0x03A2	0x3001      	MOVLW      1
0x03A3	0x00A9      	MOVWF      _bites
L__CalcularCRC147:
;esclavo.mbas,138 :: 		if crc mod 2 then
0x03A4	0x1C27      	BTFSS      _CRC, 0
0x03A5	0x2BAE      	GOTO       L__CalcularCRC152
;esclavo.mbas,139 :: 		crc=(crc / 2) xor 40961
0x03A6	0x0CA8      	RRF        _CRC+1, 1
0x03A7	0x0CA7      	RRF        _CRC, 1
0x03A8	0x13A8      	BCF        _CRC+1, 7
0x03A9	0x3001      	MOVLW      1
0x03AA	0x06A7      	XORWF      _CRC, 1
0x03AB	0x30A0      	MOVLW      160
0x03AC	0x06A8      	XORWF      _CRC+1, 1
0x03AD	0x2BB1      	GOTO       L__CalcularCRC153
;esclavo.mbas,140 :: 		else
L__CalcularCRC152:
;esclavo.mbas,141 :: 		crc=crc / 2
0x03AE	0x0CA8      	RRF        _CRC+1, 1
0x03AF	0x0CA7      	RRF        _CRC, 1
0x03B0	0x13A8      	BCF        _CRC+1, 7
;esclavo.mbas,142 :: 		end if
L__CalcularCRC153:
;esclavo.mbas,143 :: 		next bites
0x03B1	0x0829      	MOVF       _bites, 0
0x03B2	0x3A08      	XORLW      8
0x03B3	0x1903      	BTFSC      STATUS, 2
0x03B4	0x2BB7      	GOTO       L__CalcularCRC150
0x03B5	0x0AA9      	INCF       _bites, 1
0x03B6	0x2BA4      	GOTO       L__CalcularCRC147
L__CalcularCRC150:
;esclavo.mbas,144 :: 		next iter
0x03B7	0x082B      	MOVF       _Iter, 0
0x03B8	0x0672      	XORWF      R2, 0
0x03B9	0x1903      	BTFSC      STATUS, 2
0x03BA	0x2BBD      	GOTO       L__CalcularCRC145
0x03BB	0x0AAB      	INCF       _Iter, 1
0x03BC	0x2B95      	GOTO       L__CalcularCRC141
L__CalcularCRC145:
;esclavo.mbas,145 :: 		CRC_h=hi(crc)
0x03BD	0x0828      	MOVF       _CRC+1, 0
0x03BE	0x00BD      	MOVWF      _CRC_H
;esclavo.mbas,146 :: 		CRC_l=lo(crc)
0x03BF	0x0827      	MOVF       _CRC, 0
0x03C0	0x00BC      	MOVWF      _CRC_L
;esclavo.mbas,147 :: 		end sub
0x03C1	0x0008      	RETURN
; end of _CalcularCRC
_UART1_Write:
;__Lib_UART_c67.mpas,72 :: 		
;__Lib_UART_c67.mpas,73 :: 		
L__UART1_Write14:
0x03C2	0x1683      	BSF        STATUS, 5
0x03C3	0x1303      	BCF        STATUS, 6
0x03C4	0x1898      	BTFSC      TXSTA, 1
0x03C5	0x2BC8      	GOTO       L__UART1_Write15
0x03C6	0x0000      	NOP
0x03C7	0x2BC2      	GOTO       L__UART1_Write14
L__UART1_Write15:
;__Lib_UART_c67.mpas,74 :: 		
0x03C8	0x1283      	BCF        STATUS, 5
0x03C9	0x0851      	MOVF       FARG_UART1_Write_data_, 0
0x03CA	0x0099      	MOVWF      TXREG
;__Lib_UART_c67.mpas,75 :: 		
0x03CB	0x0008      	RETURN
; end of _UART1_Write
_ADC_Read:
;__Lib_ADC_A_C.mpas,53 :: 		
;__Lib_ADC_A_C.mpas,54 :: 		
0x03CC	0x1283      	BCF        STATUS, 5
0x03CD	0x1303      	BCF        STATUS, 6
0x03CE	0x019F      	CLRF       ADCON0
;__Lib_ADC_A_C.mpas,55 :: 		
0x03CF	0x30C0      	MOVLW      192
0x03D0	0x049F      	IORWF      ADCON0, 1
;__Lib_ADC_A_C.mpas,56 :: 		
0x03D1	0x1683      	BSF        STATUS, 5
0x03D2	0x171F      	BSF        ADCON1, 6
;__Lib_ADC_A_C.mpas,57 :: 		
0x03D3	0x179F      	BSF        ADCON1, 7
;__Lib_ADC_A_C.mpas,58 :: 		
0x03D4	0x1283      	BCF        STATUS, 5
0x03D5	0x0851      	MOVF       FARG_ADC_Read_channel, 0
0x03D6	0x00F0      	MOVWF      R0
0x03D7	0x0DF0      	RLF        R0, 1
0x03D8	0x1070      	BCF        R0, 0
0x03D9	0x0DF0      	RLF        R0, 1
0x03DA	0x1070      	BCF        R0, 0
0x03DB	0x0DF0      	RLF        R0, 1
0x03DC	0x1070      	BCF        R0, 0
0x03DD	0x0870      	MOVF       R0, 0
0x03DE	0x049F      	IORWF      ADCON0, 1
;__Lib_ADC_A_C.mpas,61 :: 		
0x03DF	0x141F      	BSF        ADCON0, 0
;__Lib_ADC_A_C.mpas,64 :: 		
0x03E0	0x212A      	CALL       _Delay_22us
;__Lib_ADC_A_C.mpas,67 :: 		
0x03E1	0x151F      	BSF        ADCON0, 2
;__Lib_ADC_A_C.mpas,70 :: 		
L__ADC_Read9:
0x03E2	0x1D1F      	BTFSS      ADCON0, 2
0x03E3	0x2BE6      	GOTO       L__ADC_Read10
0x03E4	0x0000      	NOP
0x03E5	0x2BE2      	GOTO       L__ADC_Read9
L__ADC_Read10:
;__Lib_ADC_A_C.mpas,73 :: 		
0x03E6	0x101F      	BCF        ADCON0, 0
;__Lib_ADC_A_C.mpas,76 :: 		
0x03E7	0x081E      	MOVF       ADRESH, 0
0x03E8	0x00F1      	MOVWF      R0+1
0x03E9	0x01F0      	CLRF       R0
0x03EA	0x1683      	BSF        STATUS, 5
0x03EB	0x081E      	MOVF       ADRESL, 0
0x03EC	0x1283      	BCF        STATUS, 5
0x03ED	0x0470      	IORWF      R0, 0
0x03EE	0x00D2      	MOVWF      ADC_Read_local_result
0x03EF	0x0871      	MOVF       R0+1, 0
0x03F0	0x00D3      	MOVWF      ADC_Read_local_result+1
0x03F1	0x3000      	MOVLW      0
0x03F2	0x04D3      	IORWF      ADC_Read_local_result+1, 1
;__Lib_ADC_A_C.mpas,78 :: 		
0x03F3	0x0852      	MOVF       ADC_Read_local_result, 0
0x03F4	0x00F0      	MOVWF      R0
0x03F5	0x0853      	MOVF       ADC_Read_local_result+1, 0
0x03F6	0x00F1      	MOVWF      R0+1
0x03F7	0x0008      	RETURN
; end of _ADC_Read
_Div_16x16_U:
;__Lib_Math.mpas,207 :: 		
;__Lib_Math.mpas,213 :: 		
0x03F8	0x1283      	BCF        STATUS, 5
;__Lib_Math.mpas,214 :: 		
0x03F9	0x1303      	BCF        STATUS, 6
;__Lib_Math.mpas,215 :: 		
0x03FA	0x01F8      	CLRF       R8
;__Lib_Math.mpas,216 :: 		
0x03FB	0x01F9      	CLRF       R9
;__Lib_Math.mpas,217 :: 		
0x03FC	0x3010      	MOVLW      16
;__Lib_Math.mpas,218 :: 		
0x03FD	0x00FC      	MOVWF      R12
;__Lib_Math.mpas,219 :: 		
0x03FE	0x0D71      	RLF        R1, 0
;__Lib_Math.mpas,220 :: 		
0x03FF	0x0DF8      	RLF        R8, 1
;__Lib_Math.mpas,221 :: 		
0x0400	0x0DF9      	RLF        R9, 1
;__Lib_Math.mpas,222 :: 		
0x0401	0x0874      	MOVF       R4, 0
;__Lib_Math.mpas,223 :: 		
0x0402	0x02F8      	SUBWF      R8, 1
;__Lib_Math.mpas,224 :: 		
0x0403	0x0875      	MOVF       R5, 0
;__Lib_Math.mpas,225 :: 		
0x0404	0x1C03      	BTFSS      STATUS, 0
;__Lib_Math.mpas,226 :: 		
0x0405	0x0F75      	INCFSZ     R5, 0
;__Lib_Math.mpas,227 :: 		
0x0406	0x02F9      	SUBWF      R9, 1
;__Lib_Math.mpas,228 :: 		
0x0407	0x1803      	BTFSC      STATUS, 0
;__Lib_Math.mpas,229 :: 		
0x0408	0x2C10      	GOTO       $+8
;__Lib_Math.mpas,230 :: 		
0x0409	0x0874      	MOVF       R4, 0
;__Lib_Math.mpas,231 :: 		
0x040A	0x07F8      	ADDWF      R8, 1
;__Lib_Math.mpas,232 :: 		
0x040B	0x0875      	MOVF       R5, 0
;__Lib_Math.mpas,233 :: 		
0x040C	0x1803      	BTFSC      STATUS, 0
;__Lib_Math.mpas,234 :: 		
0x040D	0x0F75      	INCFSZ     R5, 0
;__Lib_Math.mpas,235 :: 		
0x040E	0x07F9      	ADDWF      R9, 1
;__Lib_Math.mpas,236 :: 		
0x040F	0x1003      	BCF        STATUS, 0
;__Lib_Math.mpas,237 :: 		
0x0410	0x0DF0      	RLF        R0, 1
;__Lib_Math.mpas,238 :: 		
0x0411	0x0DF1      	RLF        R1, 1
;__Lib_Math.mpas,239 :: 		
0x0412	0x0BFC      	DECFSZ     R12, 1
;__Lib_Math.mpas,240 :: 		
0x0413	0x2BFE      	GOTO       $-21
;__Lib_Math.mpas,242 :: 		
0x0414	0x0008      	RETURN
; end of _Div_16x16_U
_main:
;esclavo.mbas,248 :: 		main:
;esclavo.mbas,249 :: 		option_reg=%11011111
0x0415	0x30DF      	MOVLW      223
0x0416	0x1683      	BSF        STATUS, 5
0x0417	0x1303      	BCF        STATUS, 6
0x0418	0x0081      	MOVWF      OPTION_REG
;esclavo.mbas,250 :: 		trisa=%00001111
0x0419	0x300F      	MOVLW      15
0x041A	0x0085      	MOVWF      TRISA
;esclavo.mbas,251 :: 		trisb=%11111111
0x041B	0x30FF      	MOVLW      255
0x041C	0x0086      	MOVWF      TRISB
;esclavo.mbas,252 :: 		trisc=%10001100
0x041D	0x308C      	MOVLW      140
0x041E	0x0087      	MOVWF      TRISC
;esclavo.mbas,253 :: 		adcon1=%1101
0x041F	0x300D      	MOVLW      13
0x0420	0x009F      	MOVWF      ADCON1
;esclavo.mbas,254 :: 		Version_H=1
0x0421	0x3001      	MOVLW      1
0x0422	0x1283      	BCF        STATUS, 5
0x0423	0x00B0      	MOVWF      _Version_H
;esclavo.mbas,255 :: 		Version_L=27
0x0424	0x301B      	MOVLW      27
0x0425	0x00AF      	MOVWF      _Version_L
;esclavo.mbas,256 :: 		Esclavo = eeprom_read(0)
0x0426	0x01CF      	CLRF       FARG_EEPROM_Read_address
0x0427	0x21A8      	CALL       _EEPROM_Read
0x0428	0x0870      	MOVF       R0, 0
0x0429	0x00A6      	MOVWF      _Esclavo
;esclavo.mbas,257 :: 		LcdStart1 = eeprom_read(1)
0x042A	0x3001      	MOVLW      1
0x042B	0x00CF      	MOVWF      FARG_EEPROM_Read_address
0x042C	0x21A8      	CALL       _EEPROM_Read
0x042D	0x0870      	MOVF       R0, 0
0x042E	0x00AE      	MOVWF      _LcdStart1
;esclavo.mbas,258 :: 		LcdStart2 = eeprom_read(2)
0x042F	0x3002      	MOVLW      2
0x0430	0x00CF      	MOVWF      FARG_EEPROM_Read_address
0x0431	0x21A8      	CALL       _EEPROM_Read
0x0432	0x0870      	MOVF       R0, 0
0x0433	0x00B1      	MOVWF      _LcdStart2
;esclavo.mbas,259 :: 		if LcdStart1 = LcdStart2 then
0x0434	0x082E      	MOVF       _LcdStart1, 0
0x0435	0x0670      	XORWF      R0, 0
0x0436	0x1D03      	BTFSS      STATUS, 2
0x0437	0x2C3C      	GOTO       L__main211
;esclavo.mbas,260 :: 		LcdStart1=255
0x0438	0x30FF      	MOVLW      255
0x0439	0x00AE      	MOVWF      _LcdStart1
;esclavo.mbas,261 :: 		LcdStart2=128
0x043A	0x3080      	MOVLW      128
0x043B	0x00B1      	MOVWF      _LcdStart2
L__main211:
;esclavo.mbas,263 :: 		Lect_prom=4
0x043C	0x3004      	MOVLW      4
0x043D	0x00A5      	MOVWF      _Lect_prom
;esclavo.mbas,265 :: 		portc.4=0
0x043E	0x1303      	BCF        STATUS, 6
0x043F	0x1207      	BCF        PORTC, 4
;esclavo.mbas,266 :: 		portc.5=0
0x0440	0x1287      	BCF        PORTC, 5
;esclavo.mbas,267 :: 		limpiarleds
0x0441	0x21B6      	CALL       _LimpiarLeds
;esclavo.mbas,268 :: 		uart1_init(9600)
0x0442	0x3019      	MOVLW      25
0x0443	0x1683      	BSF        STATUS, 5
0x0444	0x0099      	MOVWF      SPBRG
0x0445	0x1518      	BSF        TXSTA, 2
0x0446	0x21C9      	CALL       _UART1_Init
;esclavo.mbas,269 :: 		RCIE_bit = 1                  ' enable interrupt on UART1 receive
0x0447	0x1683      	BSF        STATUS, 5
0x0448	0x168C      	BSF        RCIE_bit, 5
;esclavo.mbas,270 :: 		TXIE_bit = 0                  ' disable interrupt on UART1 transmit
0x0449	0x120C      	BCF        TXIE_bit, 4
;esclavo.mbas,271 :: 		PEIE_bit = 1                  ' enable peripheral interrupts
0x044A	0x170B      	BSF        PEIE_bit, 6
;esclavo.mbas,272 :: 		GIE_bit = 1                   ' enable all interrupts
0x044B	0x178B      	BSF        GIE_bit, 7
;esclavo.mbas,273 :: 		clrwdt
0x044C	0x0064      	CLRWDT
;esclavo.mbas,274 :: 		while true
L__main214:
;esclavo.mbas,275 :: 		Leer_LCD
0x044D	0x21D9      	CALL       _Leer_LCD
;esclavo.mbas,276 :: 		inc(LimpiaPerro)
0x044E	0x0AA4      	INCF       _LimpiaPerro, 1
;esclavo.mbas,277 :: 		if LimpiaPerro < 40 then
0x044F	0x3028      	MOVLW      40
0x0450	0x0224      	SUBWF      _LimpiaPerro, 0
0x0451	0x1803      	BTFSC      STATUS, 0
0x0452	0x2C54      	GOTO       L__main219
;esclavo.mbas,278 :: 		clrwdt
0x0453	0x0064      	CLRWDT
L__main219:
;esclavo.mbas,280 :: 		wend
0x0454	0x2C4D      	GOTO       L__main214
0x0455	0x2C55      	GOTO       $+0
; end of _main
Symbol List:
//** Routines locations **
//ADDRESS    SIZE    PROCEDURE
//----------------------------------------------
0x0004     [294]    _interrupt
0x012A       [7]    _Delay_22us
0x0131      [65]    _Inicio_LCD
0x0172      [54]    _Leer_Caracter
0x01A8      [14]    _EEPROM_Read
0x01B6      [19]    _LimpiarLeds
0x01C9      [16]    _UART1_Init
0x01D9     [397]    _Leer_LCD
0x0366      [13]    _UART1_Read
0x0373       [9]    _UART1_Data_Ready
0x037C      [18]    _ADC_Init
0x038E      [52]    _CalcularCRC
0x03C2      [10]    _UART1_Write
0x03CC      [44]    _ADC_Read
0x03F8      [29]    _Div_16x16_U
0x0415      [65]    _main
//** Variables locations ** 
//ADDRESS    SIZE    VARIABLE
//----------------------------------------------
0x0000       [1]    INDF
0x0001       [1]    TMR0
0x0002       [1]    PCL
0x0003       [0]    DC_bit
0x0003       [0]    NOT_PD_bit
0x0003       [0]    C_bit
0x0003       [0]    RP0_bit
0x0003       [0]    Z_bit
0x0003       [0]    NOT_TO_bit
0x0003       [0]    RP1_bit
0x0003       [0]    IRP_bit
0x0003       [1]    STATUS
0x0004       [1]    FSRPTR
0x0004       [1]    FSR
0x0005       [1]    PORTA
0x0005       [0]    RA1_bit
0x0005       [0]    RA3_bit
0x0005       [0]    RA5_bit
0x0005       [0]    RA0_bit
0x0005       [0]    RA2_bit
0x0005       [0]    RA4_bit
0x0006       [0]    RB2_bit
0x0006       [0]    RB3_bit
0x0006       [0]    RB5_bit
0x0006       [0]    RB4_bit
0x0006       [0]    RB0_bit
0x0006       [1]    PORTB
0x0006       [0]    RB7_bit
0x0006       [0]    RB1_bit
0x0006       [0]    RB6_bit
0x0007       [0]    RC6_bit
0x0007       [0]    RC5_bit
0x0007       [1]    PORTC
0x0007       [0]    RC7_bit
0x0007       [0]    RC4_bit
0x0007       [0]    RC0_bit
0x0007       [0]    RC1_bit
0x0007       [0]    RC3_bit
0x0007       [0]    RC2_bit
0x000A       [1]    PCLATH
0x000B       [0]    T0IF_bit
0x000B       [0]    PEIE_bit
0x000B       [1]    INTCON
0x000B       [0]    GIE_bit
0x000B       [0]    TMR0IF_bit
0x000B       [0]    T0IE_bit
0x000B       [0]    INTF_bit
0x000B       [0]    INTE_bit
0x000B       [0]    RBIE_bit
0x000B       [0]    TMR0IE_bit
0x000B       [0]    RBIF_bit
0x000C       [0]    CCP1IF_bit
0x000C       [0]    TXIF_bit
0x000C       [1]    PIR1
0x000C       [0]    ADIF_bit
0x000C       [0]    SSPIF_bit
0x000C       [0]    RCIF_bit
0x000C       [0]    TMR2IF_bit
0x000C       [0]    TMR1IF_bit
0x000D       [0]    BCLIF_bit
0x000D       [0]    CCP2IF_bit
0x000D       [0]    CMIF_bit
0x000D       [1]    PIR2
0x000D       [0]    EEIF_bit
0x000E       [1]    TMR1L
0x000F       [1]    TMR1H
0x0010       [0]    TMR1CS_bit
0x0010       [1]    T1CON
0x0010       [0]    TMR1ON_bit
0x0010       [0]    T1OSCEN_bit
0x0010       [0]    T1INSYNC_bit
0x0010       [0]    T1CKPS1_bit
0x0010       [0]    T1CKPS0_bit
0x0010       [0]    NOT_T1SYNC_bit
0x0010       [0]    T1SYNC_bit
0x0011       [1]    TMR2
0x0012       [0]    TOUTPS3_bit
0x0012       [1]    T2CON
0x0012       [0]    TMR2ON_bit
0x0012       [0]    T2CKPS0_bit
0x0012       [0]    T2CKPS1_bit
0x0012       [0]    TOUTPS0_bit
0x0012       [0]    TOUTPS1_bit
0x0012       [0]    TOUTPS2_bit
0x0013       [1]    SSPBUF
0x0014       [0]    CKP_bit
0x0014       [1]    SSPCON
0x0014       [0]    SSPM2_bit
0x0014       [0]    SSPM3_bit
0x0014       [0]    SSPOV_bit
0x0014       [0]    SSPEN_bit
0x0014       [0]    SSPM0_bit
0x0014       [0]    SSPM1_bit
0x0014       [0]    WCOL_bit
0x0015       [2]    CCPR1
0x0015       [1]    CCPR1L
0x0016       [1]    CCPR1H
0x0017       [0]    CCP1M2_bit
0x0017       [0]    CCP1M3_bit
0x0017       [0]    CCP1X_bit
0x0017       [0]    CCP1M0_bit
0x0017       [1]    CCP1CON
0x0017       [0]    CCP1M1_bit
0x0017       [0]    CCP1Y_bit
0x0018       [0]    RCD8_bit
0x0018       [0]    ADDEN_bit
0x0018       [0]    RC9_bit
0x0018       [0]    NOT_RC8_bit
0x0018       [0]    RC8_9_bit
0x0018       [0]    RX9_bit
0x0018       [0]    CREN_bit
0x0018       [0]    FERR_bit
0x0018       [0]    SREN_bit
0x0018       [0]    RX9D_bit
0x0018       [0]    SPEN_bit
0x0018       [0]    OERR_bit
0x0018       [1]    RCSTA
0x0019       [1]    TXREG
0x001A       [1]    RCREG
0x001B       [2]    CCPR2
0x001B       [1]    CCPR2L
0x001C       [1]    CCPR2H
0x001D       [1]    CCP2CON
0x001D       [0]    CCP2M1_bit
0x001D       [0]    CCP2M0_bit
0x001D       [0]    CCP2X_bit
0x001D       [0]    CCP2Y_bit
0x001D       [0]    CCP2M3_bit
0x001D       [0]    CCP2M2_bit
0x001E       [1]    ADRESH
0x001F       [0]    GO_bit
0x001F       [0]    GO_DONE_bit
0x001F       [0]    CHS1_bit
0x001F       [0]    ADON_bit
0x001F       [1]    ADCON0
0x001F       [0]    CHS2_bit
0x001F       [0]    CHS0_bit
0x001F       [0]    ADCS1_bit
0x001F       [0]    NOT_DONE_bit
0x001F       [0]    ADCS0_bit
0x0024       [1]    _LimpiaPerro
0x0025       [1]    _Lect_prom
0x0026       [1]    _Esclavo
0x0027       [2]    _CRC
0x0029       [1]    _bites
0x002A       [1]    _Longitud
0x002B       [1]    _Iter
0x002C       [1]    _Contador
0x002D       [1]    _InicioLCD
0x002E       [1]    _LcdStart1
0x002F       [1]    _Version_L
0x0030       [1]    _Version_H
0x0031       [1]    _LcdStart2
0x0032       [1]    _Temp2_H
0x0033       [1]    _Temp1_L
0x0034       [1]    _Temp1_H
0x0035       [1]    _Temp2_L
0x0036       [3]    _ADC_Get_Sample_Ptr
0x0039       [1]    _Entrada2
0x003A       [1]    _Entrada1
0x003B       [1]    _Recivido
0x003C       [1]    _CRC_L
0x003D       [1]    _CRC_H
0x003E       [4]    _Llamada
0x0042       [2]    _Temp
0x0044       [2]    _Suma
0x0046       [1]    _CRC_ok
0x0047       [1]    _TimeOut3
0x0048       [1]    _TimeOut4
0x0049       [1]    ___saveSTATUS
0x004A       [1]    _Ant_Caracter
0x004B       [1]    _Caracter
0x004C       [1]    ___savePCLATH
0x004D       [2]    ___DoICPAddr
0x004F       [1]    FARG_EEPROM_Read_address
0x0050       [1]    FLOC__interrupt
0x0051       [1]    FARG_ADC_Read_channel
0x0051       [1]    FARG_UART1_Write_data_
0x0052       [2]    ADC_Read_local_result
0x0070       [1]    R0
0x0071       [1]    R1
0x0072       [1]    R2
0x0073       [1]    R3
0x0074       [1]    R4
0x0075       [1]    R5
0x0076       [1]    R6
0x0077       [1]    R7
0x0078       [1]    R8
0x0079       [1]    R9
0x007A       [1]    R10
0x007B       [1]    R11
0x007C       [1]    R12
0x007D       [1]    R13
0x007E       [1]    R14
0x007F       [1]    R15
0x0081       [0]    PSA_bit
0x0081       [0]    INTEDG_bit
0x0081       [0]    T0CS_bit
0x0081       [0]    PS2_bit
0x0081       [0]    PS0_bit
0x0081       [0]    PS1_bit
0x0081       [0]    T0SE_bit
0x0081       [0]    NOT_RBPU_bit
0x0081       [1]    OPTION_REG
0x0085       [0]    TRISA3_bit
0x0085       [0]    TRISA4_bit
0x0085       [0]    TRISA5_bit
0x0085       [0]    TRISA2_bit
0x0085       [1]    TRISA
0x0085       [0]    TRISA0_bit
0x0085       [0]    TRISA1_bit
0x0086       [0]    TRISB0_bit
0x0086       [0]    TRISB1_bit
0x0086       [0]    TRISB5_bit
0x0086       [1]    TRISB
0x0086       [0]    TRISB7_bit
0x0086       [0]    TRISB6_bit
0x0086       [0]    TRISB2_bit
0x0086       [0]    TRISB3_bit
0x0086       [0]    TRISB4_bit
0x0087       [1]    TRISC
0x0087       [0]    TRISC4_bit
0x0087       [0]    TRISC7_bit
0x0087       [0]    TRISC5_bit
0x0087       [0]    TRISC6_bit
0x0087       [0]    TRISC1_bit
0x0087       [0]    TRISC3_bit
0x0087       [0]    TRISC2_bit
0x0087       [0]    TRISC0_bit
0x008C       [0]    CCP1IE_bit
0x008C       [1]    PIE1
0x008C       [0]    ADIE_bit
0x008C       [0]    TXIE_bit
0x008C       [0]    TMR2IE_bit
0x008C       [0]    RCIE_bit
0x008C       [0]    TMR1IE_bit
0x008C       [0]    SSPIE_bit
0x008D       [0]    CMIE_bit
0x008D       [0]    EEIE_bit
0x008D       [0]    CCP2IE_bit
0x008D       [0]    BCLIE_bit
0x008D       [1]    PIE2
0x008E       [1]    PCON
0x008E       [0]    NOT_BOR_bit
0x008E       [0]    NOT_BO_bit
0x008E       [0]    NOT_POR_bit
0x0091       [0]    ACKSTAT_bit
0x0091       [0]    RCEN_bit
0x0091       [0]    ACKDT_bit
0x0091       [0]    GCEN_bit
0x0091       [0]    ACKEN_bit
0x0091       [1]    SSPCON2
0x0091       [0]    RSEN_bit
0x0091       [0]    SEN_bit
0x0091       [0]    PEN_bit
0x0092       [1]    PR2
0x0093       [1]    SSPADD
0x0094       [0]    S_bit
0x0094       [0]    CKE_bit
0x0094       [0]    I2C_START__bit
0x0094       [0]    I2C_STOP__bit
0x0094       [0]    BF_bit
0x0094       [0]    READ_WRITE_bit
0x0094       [0]    NOT_ADDRESS_bit
0x0094       [0]    I2C_DATA_bit
0x0094       [0]    NOT_A_bit
0x0094       [0]    D_A_bit
0x0094       [0]    D_bit
0x0094       [0]    DATA_ADDRESS_bit
0x0094       [1]    SSPSTAT
0x0094       [0]    NOT_WRITE_bit
0x0094       [0]    NOT_W_bit
0x0094       [0]    R_W_bit
0x0094       [0]    R_bit
0x0094       [0]    SMP_bit
0x0094       [0]    P_bit
0x0094       [0]    I2C_READ_bit
0x0094       [0]    UA_bit
0x0098       [0]    TX9D_bit
0x0098       [0]    TXD8_bit
0x0098       [0]    TX9_bit
0x0098       [0]    TX8_9_bit
0x0098       [0]    TRMT_bit
0x0098       [0]    TXEN_bit
0x0098       [0]    SYNC_bit
0x0098       [0]    BRGH_bit
0x0098       [0]    NOT_TX8_bit
0x0098       [0]    CSRC_bit
0x0098       [1]    TXSTA
0x0099       [1]    SPBRG
0x009C       [0]    C1OUT_bit
0x009C       [0]    C2INV_bit
0x009C       [0]    C1INV_bit
0x009C       [1]    CMCON
0x009C       [0]    CM0_bit
0x009C       [0]    CIS_bit
0x009C       [0]    CM1_bit
0x009C       [0]    C2OUT_bit
0x009C       [0]    CM2_bit
0x009D       [0]    CVROE_bit
0x009D       [0]    CVRR_bit
0x009D       [0]    CVR2_bit
0x009D       [0]    CVR1_bit
0x009D       [0]    CVR0_bit
0x009D       [0]    CVREN_bit
0x009D       [1]    CVRCON
0x009D       [0]    CVR3_bit
0x009E       [1]    ADRESL
0x009F       [0]    PCFG2_bit
0x009F       [0]    PCFG1_bit
0x009F       [0]    ADCS2_bit
0x009F       [1]    ADCON1
0x009F       [0]    PCFG3_bit
0x009F       [0]    ADFM_bit
0x009F       [0]    PCFG0_bit
0x00A0      [96]    _Mensaje
0x010C       [1]    EEDATA
0x010D       [1]    EEADR
0x010E       [1]    EEDATH
0x010F       [1]    EEADRH
0x018C       [0]    WR_bit
0x018C       [0]    WRERR_bit
0x018C       [0]    WREN_bit
0x018C       [0]    RD_bit
0x018C       [1]    EECON1
0x018C       [0]    EEPGD_bit
0x018D       [1]    EECON2
//** Label List: ** 
//----------------------------------------------
  L_end__LimpiarLeds
  L__LimpiarLeds1
  L__LimpiarLeds2
  L__LimpiarLeds3
  L__LimpiarLeds4
  L_end__Leer_Caracter
  L__Leer_Caracter6
  L__Leer_Caracter7
  L__Leer_Caracter8
  L__Leer_Caracter9
  L__Leer_Caracter10
  L__Leer_Caracter11
  L__Leer_Caracter12
  L__Leer_Caracter13
  L__Leer_Caracter14
  L__Leer_Caracter15
  L__Leer_Caracter16
  L__Leer_Caracter17
  L__Leer_Caracter18
  L__Leer_Caracter19
  L__Leer_Caracter20
  L__Leer_Caracter21
  L__Leer_Caracter22
  L__Leer_Caracter23
  L__Leer_Caracter24
  L__Leer_Caracter25
  L__Leer_Caracter26
  L__Leer_Caracter27
  L__Leer_Caracter28
  L__Leer_Caracter29
  L__Leer_Caracter30
  L__Leer_Caracter31
  L__Leer_Caracter32
  L__Leer_Caracter33
  L_end__Inicio_LCD
  L__Inicio_LCD35
  L__Inicio_LCD36
  L__Inicio_LCD37
  L__Inicio_LCD38
  L__Inicio_LCD39
  L__Inicio_LCD40
  L__Inicio_LCD41
  L__Inicio_LCD42
  L__Inicio_LCD43
  L__Inicio_LCD44
  L__Inicio_LCD45
  L__Inicio_LCD46
  L__Inicio_LCD47
  L__Inicio_LCD48
  L__Inicio_LCD49
  L_end__Leer_LCD
  L__Leer_LCD51
  L__Leer_LCD52
  L__Leer_LCD53
  L__Leer_LCD54
  L__Leer_LCD55
  L__Leer_LCD56
  L__Leer_LCD57
  L__Leer_LCD58
  L__Leer_LCD59
  L__Leer_LCD60
  L__Leer_LCD61
  L__Leer_LCD62
  L__Leer_LCD63
  L__Leer_LCD64
  L__Leer_LCD65
  L__Leer_LCD66
  L__Leer_LCD67
  L__Leer_LCD68
  L__Leer_LCD69
  L__Leer_LCD70
  L__Leer_LCD71
  L__Leer_LCD72
  L__Leer_LCD73
  L__Leer_LCD74
  L__Leer_LCD75
  L__Leer_LCD76
  L__Leer_LCD77
  L__Leer_LCD78
  L__Leer_LCD79
  L__Leer_LCD80
  L__Leer_LCD81
  L__Leer_LCD82
  L__Leer_LCD83
  L__Leer_LCD84
  L__Leer_LCD85
  L__Leer_LCD86
  L__Leer_LCD87
  L__Leer_LCD88
  L__Leer_LCD89
  L__Leer_LCD90
  L__Leer_LCD91
  L__Leer_LCD92
  L__Leer_LCD93
  L__Leer_LCD94
  L__Leer_LCD95
  L__Leer_LCD96
  L__Leer_LCD97
  L__Leer_LCD98
  L__Leer_LCD99
  L__Leer_LCD100
  L__Leer_LCD101
  L__Leer_LCD102
  L__Leer_LCD103
  L__Leer_LCD104
  L__Leer_LCD105
  L__Leer_LCD106
  L__Leer_LCD107
  L__Leer_LCD108
  L__Leer_LCD109
  L__Leer_LCD110
  L__Leer_LCD111
  L__Leer_LCD112
  L__Leer_LCD113
  L__Leer_LCD114
  L__Leer_LCD115
  L__Leer_LCD116
  L__Leer_LCD117
  L__Leer_LCD118
  L__Leer_LCD119
  L__Leer_LCD120
  L__Leer_LCD121
  L__Leer_LCD122
  L__Leer_LCD123
  L__Leer_LCD124
  L__Leer_LCD125
  L__Leer_LCD126
  L__Leer_LCD127
  L__Leer_LCD128
  L__Leer_LCD129
  L__Leer_LCD130
  L__Leer_LCD131
  L__Leer_LCD132
  L__Leer_LCD133
  L__Leer_LCD134
  L__Leer_LCD135
  L__Leer_LCD136
  L__Leer_LCD137
  L__Leer_LCD138
  L__Leer_LCD139
  L_end__CalcularCRC
  L__CalcularCRC141
  L__CalcularCRC142
  L__CalcularCRC143
  L__CalcularCRC144
  L__CalcularCRC145
  L__CalcularCRC146
  L__CalcularCRC147
  L__CalcularCRC148
  L__CalcularCRC149
  L__CalcularCRC150
  L__CalcularCRC151
  L__CalcularCRC152
  L__CalcularCRC153
  L_end__interrupt
  L__interrupt155
  L__interrupt156
  L__interrupt157
  L__interrupt158
  L__interrupt159
  L__interrupt160
  L__interrupt161
  L__interrupt162
  L__interrupt163
  L__interrupt164
  L__interrupt165
  L__interrupt166
  L__interrupt167
  L__interrupt168
  L__interrupt169
  L__interrupt170
  L__interrupt171
  L__interrupt172
  L__interrupt173
  L__interrupt174
  L__interrupt175
  L__interrupt176
  L__interrupt177
  L__interrupt178
  L__interrupt179
  L__interrupt180
  L__interrupt181
  L__interrupt182
  L__interrupt183
  L__interrupt184
  L__interrupt185
  L__interrupt186
  L__interrupt187
  L__interrupt188
  L__interrupt189
  L__interrupt190
  L__interrupt191
  L__interrupt192
  L__interrupt193
  L__interrupt194
  L__interrupt195
  L__interrupt196
  L__interrupt197
  L__interrupt198
  L__interrupt199
  L__interrupt200
  L__interrupt201
  L__interrupt202
  L__interrupt203
  L__interrupt204
  L__interrupt205
  L__interrupt206
  L__interrupt207
  L__interrupt208
  L_end__main
  L__main210
  L__main211
  L__main212
  L__main213
  L__main214
  L__main215
  L__main216
  L__main217
  L__main218
  L__main219
  L__main220
  _LimpiarLeds
  _Leer_Caracter
  _Inicio_LCD
  _Leer_LCD
  _CalcularCRC
  _interrupt
  L__interrupt221
  _main
  L_end__EEPROM_Read
  L_end__EEPROM_Write
  L__EEPROM_Write2
  L__EEPROM_Write3
  L__EEPROM_Write4
  L__EEPROM_Write5
  L__EEPROM_Write6
  _EEPROM_Read
  _EEPROM_Write
  L__EEPROM_Write7
  L__EEPROM_Write8
  L_end__UART1_Init
  L__UART1_Init1
  L__UART1_Init2
  L__UART1_Init3
  L__UART1_Init4
  L__UART1_Init5
  L_end__UART1_Data_Ready
  L_end__UART1_Read
  L__UART1_Read8
  L__UART1_Read9
  L__UART1_Read10
  L_end__UART1_TX_Idle
  L_end__UART1_Write
  L__UART1_Write13
  L__UART1_Write14
  L__UART1_Write15
  L__UART1_Write16
  L__UART1_Write17
  L_end__UART1_Write_Text
  L__UART1_Write_Text19
  L__UART1_Write_Text20
  L__UART1_Write_Text21
  L__UART1_Write_Text22
  L__UART1_Write_Text23
  L_end__UART1_Read_Text
  L__UART1_Read_Text25
  L__UART1_Read_Text26
  L__UART1_Read_Text27
  L__UART1_Read_Text28
  L__UART1_Read_Text29
  L__UART1_Read_Text30
  L__UART1_Read_Text31
  L__UART1_Read_Text32
  L__UART1_Read_Text33
  L__UART1_Read_Text34
  L__UART1_Read_Text35
  L__UART1_Read_Text36
  L__UART1_Read_Text37
  L__UART1_Read_Text38
  L__UART1_Read_Text39
  L__UART1_Read_Text40
  L__UART1_Read_Text41
  L__UART1_Read_Text42
  L__UART1_Read_Text43
  L__UART1_Read_Text44
  L__UART1_Read_Text45
  L__UART1_Read_Text46
  _UART1_Init
  _UART1_Data_Ready
  _UART1_Read
  _UART1_TX_Idle
  _UART1_Write
  _UART1_Write_Text
  _UART1_Read_Text
  L_end__LimpiarLeds
  L__LimpiarLeds1
  L__LimpiarLeds2
  L__LimpiarLeds3
  L__LimpiarLeds4
  L_end__Leer_Caracter
  L__Leer_Caracter6
  L__Leer_Caracter7
  L__Leer_Caracter8
  L__Leer_Caracter9
  L__Leer_Caracter10
  L__Leer_Caracter11
  L__Leer_Caracter12
  L__Leer_Caracter13
  L__Leer_Caracter14
  L__Leer_Caracter15
  L__Leer_Caracter16
  L__Leer_Caracter17
  L__Leer_Caracter18
  L__Leer_Caracter19
  L__Leer_Caracter20
  L__Leer_Caracter21
  L__Leer_Caracter22
  L__Leer_Caracter23
  L__Leer_Caracter24
  L__Leer_Caracter25
  L__Leer_Caracter26
  L__Leer_Caracter27
  L__Leer_Caracter28
  L__Leer_Caracter29
  L__Leer_Caracter30
  L__Leer_Caracter31
  L__Leer_Caracter32
  L__Leer_Caracter33
  L_end__Inicio_LCD
  L__Inicio_LCD35
  L__Inicio_LCD36
  L__Inicio_LCD37
  L__Inicio_LCD38
  L__Inicio_LCD39
  L__Inicio_LCD40
  L__Inicio_LCD41
  L__Inicio_LCD42
  L__Inicio_LCD43
  L__Inicio_LCD44
  L__Inicio_LCD45
  L__Inicio_LCD46
  L__Inicio_LCD47
  L__Inicio_LCD48
  L__Inicio_LCD49
  L_end__Leer_LCD
  L__Leer_LCD51
  L__Leer_LCD52
  L__Leer_LCD53
  L__Leer_LCD54
  L__Leer_LCD55
  L__Leer_LCD56
  L__Leer_LCD57
  L__Leer_LCD58
  L__Leer_LCD59
  L__Leer_LCD60
  L__Leer_LCD61
  L__Leer_LCD62
  L__Leer_LCD63
  L__Leer_LCD64
  L__Leer_LCD65
  L__Leer_LCD66
  L__Leer_LCD67
  L__Leer_LCD68
  L__Leer_LCD69
  L__Leer_LCD70
  L__Leer_LCD71
  L__Leer_LCD72
  L__Leer_LCD73
  L__Leer_LCD74
  L__Leer_LCD75
  L__Leer_LCD76
  L__Leer_LCD77
  L__Leer_LCD78
  L__Leer_LCD79
  L__Leer_LCD80
  L__Leer_LCD81
  L__Leer_LCD82
  L__Leer_LCD83
  L__Leer_LCD84
  L__Leer_LCD85
  L__Leer_LCD86
  L__Leer_LCD87
  L__Leer_LCD88
  L__Leer_LCD89
  L__Leer_LCD90
  L__Leer_LCD91
  L__Leer_LCD92
  L__Leer_LCD93
  L__Leer_LCD94
  L__Leer_LCD95
  L__Leer_LCD96
  L__Leer_LCD97
  L__Leer_LCD98
  L__Leer_LCD99
  L__Leer_LCD100
  L__Leer_LCD101
  L__Leer_LCD102
  L__Leer_LCD103
  L__Leer_LCD104
  L__Leer_LCD105
  L__Leer_LCD106
  L__Leer_LCD107
  L__Leer_LCD108
  L__Leer_LCD109
  L__Leer_LCD110
  L__Leer_LCD111
  L__Leer_LCD112
  L__Leer_LCD113
  L__Leer_LCD114
  L__Leer_LCD115
  L__Leer_LCD116
  L__Leer_LCD117
  L__Leer_LCD118
  L__Leer_LCD119
  L__Leer_LCD120
  L__Leer_LCD121
  L__Leer_LCD122
  L__Leer_LCD123
  L__Leer_LCD124
  L__Leer_LCD125
  L__Leer_LCD126
  L__Leer_LCD127
  L__Leer_LCD128
  L__Leer_LCD129
  L__Leer_LCD130
  L__Leer_LCD131
  L__Leer_LCD132
  L__Leer_LCD133
  L__Leer_LCD134
  L__Leer_LCD135
  L__Leer_LCD136
  L__Leer_LCD137
  L__Leer_LCD138
  L__Leer_LCD139
  L_end__CalcularCRC
  L__CalcularCRC141
  L__CalcularCRC142
  L__CalcularCRC143
  L__CalcularCRC144
  L__CalcularCRC145
  L__CalcularCRC146
  L__CalcularCRC147
  L__CalcularCRC148
  L__CalcularCRC149
  L__CalcularCRC150
  L__CalcularCRC151
  L__CalcularCRC152
  L__CalcularCRC153
  L_end__interrupt
  L__interrupt155
  L__interrupt156
  L__interrupt157
  L__interrupt158
  L__interrupt159
  L__interrupt160
  L__interrupt161
  L__interrupt162
  L__interrupt163
  L__interrupt164
  L__interrupt165
  L__interrupt166
  L__interrupt167
  L__interrupt168
  L__interrupt169
  L__interrupt170
  L__interrupt171
  L__interrupt172
  L__interrupt173
  L__interrupt174
  L__interrupt175
  L__interrupt176
  L__interrupt177
  L__interrupt178
  L__interrupt179
  L__interrupt180
  L__interrupt181
  L__interrupt182
  L__interrupt183
  L__interrupt184
  L__interrupt185
  L__interrupt186
  L__interrupt187
  L__interrupt188
  L__interrupt189
  L__interrupt190
  L__interrupt191
  L__interrupt192
  L__interrupt193
  L__interrupt194
  L__interrupt195
  L__interrupt196
  L__interrupt197
  L__interrupt198
  L__interrupt199
  L__interrupt200
  L__interrupt201
  L__interrupt202
  L__interrupt203
  L__interrupt204
  L__interrupt205
  L__interrupt206
  L__interrupt207
  L__interrupt208
  L_end__main
  L__main210
  L__main211
  L__main212
  L__main213
  L__main214
  L__main215
  L__main216
  L__main217
  L__main218
  L__main219
  L__main220
  _LimpiarLeds
  _Leer_Caracter
  _Inicio_LCD
  _Leer_LCD
  _CalcularCRC
  _interrupt
  L__interrupt221
  _main
  L_end__ADC_Init
  L_end__ADC_Get_Sample
  L__ADC_Get_Sample2
  L__ADC_Get_Sample3
  L__ADC_Get_Sample4
  L__ADC_Get_Sample5
  L__ADC_Get_Sample6
  L_end__ADC_Read
  L__ADC_Read8
  L__ADC_Read9
  L__ADC_Read10
  L__ADC_Read11
  L__ADC_Read12
  _ADC_Init
  _ADC_Get_Sample
  _ADC_Read
  L_end__Get_Fosc_kHz
  L_end__Delay_1us
  L_end__Delay_10us
  L__Delay_10us3
  L_end__Delay_22us
  L__Delay_22us5
  L_end__Delay_50us
  L__Delay_50us7
  L_end__Delay_80us
  L__Delay_80us9
  L_end__Delay_500us
  L__Delay_500us11
  L_end__Delay_5500us
  L__Delay_5500us13
  L_end__Delay_1ms
  L__Delay_1ms15
  L_end__Delay_5ms
  L__Delay_5ms17
  L_end__Delay_8ms
  L__Delay_8ms19
  L_end__Delay_10ms
  L__Delay_10ms21
  L_end__Delay_100ms
  L__Delay_100ms23
  L_end__Delay_1sec
  L__Delay_1sec25
  L_end__Delay_Cyc
  L__Delay_Cyc27
  L__Delay_Cyc28
  L__Delay_Cyc29
  L__Delay_Cyc30
  L__Delay_Cyc31
  L_end__VDelay_ms
  L__VDelay_ms33
  L__VDelay_ms34
  L__VDelay_ms35
  L__VDelay_ms36
  L__VDelay_ms37
  L__VDelay_ms38
  L__VDelay_ms39
  L__VDelay_ms40
  L_end__VDelay_Advanced_ms
  L__VDelay_Advanced_ms42
  L__VDelay_Advanced_ms43
  L__VDelay_Advanced_ms44
  L__VDelay_Advanced_ms45
  L__VDelay_Advanced_ms46
  L__VDelay_Advanced_ms47
  L__VDelay_Advanced_ms48
  L__VDelay_Advanced_ms49
  _Get_Fosc_kHz
  _Delay_1us
  _Delay_10us
  _Delay_22us
  _Delay_50us
  _Delay_80us
  _Delay_500us
  _Delay_5500us
  _Delay_1ms
  _Delay_5ms
  _Delay_8ms
  _Delay_10ms
  _Delay_100ms
  _Delay_1sec
  _Delay_Cyc
  _VDelay_ms
  L__VDelay_ms50
  L__VDelay_ms51
  L__VDelay_ms52
  L__VDelay_ms53
  _VDelay_Advanced_ms
  L__VDelay_Advanced_ms54
  L__VDelay_Advanced_ms55
  L__VDelay_Advanced_ms56
  L__VDelay_Advanced_ms57
  L_end__Mul_8x8_U
  L_end__Mul_16x16_U
  L_end__Div_8x8_U
  L__Div_8x8_U3
  L__Div_8x8_U4
  L__Div_8x8_U5
  L_end__Div_16x16_U
  L_end__Mul_8x8_S
  L_end__Mul_16x16_S
  L_end__Div_16x16_S_L
  L_end__Div_16x16_S
  L__Div_16x16_S11
  L__Div_16x16_S12
  L__Div_16x16_S13
  L__Div_16x16_S14
  L__Div_16x16_S15
  L__Div_16x16_S16
  L_end__Div_8x8_S
  L_end__SDIV3232L
  LOOPS3232A
  SADD22LA
  SOK22LA
  SADD22L8
  SOK22L8
  LOOPS3232B
  SADD22LB
  SOK22LB
  SADD22L16
  SOK22L16
  LOOPS3232C
  SADD22LC
  SOK22LC
  SADD22L24
  SOK22L24
  LOOPS3232D
  SADD22LD
  SOK22LD
  SOK22L
  L_end__COMFREM
  L_end__Div_32x32_S
  L__Div_32x32_S25
  L__Div_32x32_S26
  L__Div_32x32_S27
  L__Div_32x32_S28
  L__Div_32x32_S29
  L__Div_32x32_S30
  L__Div_32x32_S31
  L__Div_32x32_S32
  L__Div_32x32_S33
  L__Div_32x32_S34
  L__Div_32x32_S35
  L__Div_32x32_S36
  FXD3232S
  END_ALL
  CA3232S
  C3232SX
  C3232SX1
  C3232S
  C3232S2
  C3232SX4
  C3232SOK
  C3232SX3
  C3232SX2
  avoid_comfrem
  L_end__Div_32x32_U
  LOOPU3232A
  UADD22LA
  UOK22LA
  UADD22L8
  UOK22L8
  LOOPU3232B
  UADD22LB
  UOK22LB
  UADD22L16
  UOK22L16
  LOOPU3232C
  UADD22LC
  UOK22LC
  UADD22L24
  UOK22L24
  LOOPU3232D
  UADD22LD
  UOK22LD
  UOK22L
  L_end__Mul_32x32_U
  _NEXT
  _EXIT2
  _LOOP
  _EXIT1
  L_end__Mul_32x32_S
  _IF_FIRST
  _IF_SECOND
  _INVERCE_FIRST
  _MULT
  _INBERSE_SECOND
  _EXIT
  _Mul_8x8_U
  _Mul_16x16_U
  _Div_8x8_U
  _Div_16x16_U
  _Mul_8x8_S
  _Mul_16x16_S
  _Div_16x16_S_L
  _Div_16x16_S
  _Div_8x8_S
  _SDIV3232L
  _COMFREM
  _Div_32x32_S
  _Div_32x32_U
  _Mul_32x32_U
  _Mul_32x32_S
  L_end__UART1_Init
  L__UART1_Init1
  L__UART1_Init2
  L__UART1_Init3
  L__UART1_Init4
  L__UART1_Init5
  L_end__UART1_Data_Ready
  L_end__UART1_Read
  L__UART1_Read8
  L__UART1_Read9
  L__UART1_Read10
  L_end__UART1_TX_Idle
  L_end__UART1_Write
  L__UART1_Write13
  L__UART1_Write14
  L__UART1_Write15
  L__UART1_Write16
  L__UART1_Write17
  L_end__UART1_Write_Text
  L__UART1_Write_Text19
  L__UART1_Write_Text20
  L__UART1_Write_Text21
  L__UART1_Write_Text22
  L__UART1_Write_Text23
  L_end__UART1_Read_Text
  L__UART1_Read_Text25
  L__UART1_Read_Text26
  L__UART1_Read_Text27
  L__UART1_Read_Text28
  L__UART1_Read_Text29
  L__UART1_Read_Text30
  L__UART1_Read_Text31
  L__UART1_Read_Text32
  L__UART1_Read_Text33
  L__UART1_Read_Text34
  L__UART1_Read_Text35
  L__UART1_Read_Text36
  L__UART1_Read_Text37
  L__UART1_Read_Text38
  L__UART1_Read_Text39
  L__UART1_Read_Text40
  L__UART1_Read_Text41
  L__UART1_Read_Text42
  L__UART1_Read_Text43
  L__UART1_Read_Text44
  L__UART1_Read_Text45
  L__UART1_Read_Text46
  _UART1_Init
  _UART1_Data_Ready
  _UART1_Read
  _UART1_TX_Idle
  _UART1_Write
  _UART1_Write_Text
  _UART1_Read_Text
